ARM GAS  C:\Users\CNous\AppData\Local\Temp\ccmlrAUg.s 			page 1


   1              		.syntax unified
   2              		.cpu cortex-m4
   3              		.eabi_attribute 27, 3	@ Tag_ABI_HardFP_use
   4              		.eabi_attribute 28, 1	@ Tag_ABI_VFP_args
   5              		.fpu fpv4-sp-d16
   6              		.eabi_attribute 20, 1	@ Tag_ABI_FP_denormal
   7              		.eabi_attribute 21, 1	@ Tag_ABI_FP_exceptions
   8              		.eabi_attribute 23, 3	@ Tag_ABI_FP_number_model
   9              		.eabi_attribute 24, 1	@ Tag_ABI_align8_needed
  10              		.eabi_attribute 25, 1	@ Tag_ABI_align8_preserved
  11              		.eabi_attribute 26, 1	@ Tag_ABI_enum_size
  12              		.eabi_attribute 30, 2	@ Tag_ABI_optimization_goals
  13              		.eabi_attribute 34, 1	@ Tag_CPU_unaligned_access
  14              		.eabi_attribute 18, 4	@ Tag_ABI_PCS_wchar_t
  15              		.file	"stm32f4xx_syscfg.c"
  16              	@ GNU C (GNU Tools for ARM Embedded Processors) version 4.7.3 20121207 (release) [ARM/embedded-4_7-
  17              	@	compiled by GNU C version 4.2.1-sjlj (mingw32-2), GMP version 4.3.2, MPFR version 2.4.2, MPC vers
  18              	@ GGC heuristics: --param ggc-min-expand=100 --param ggc-min-heapsize=131072
  19              	@ options passed:  -I . -I ./inc -I ./cmsis/core -I ./cmsis/device
  20              	@ -imultilib armv7e-m/fpu
  21              	@ -iprefix c:\gnutoolsarmembedded\4.7-2012q4\bin\../lib/gcc/arm-none-eabi/4.7.3/
  22              	@ -isysroot c:\gnutoolsarmembedded\4.7-2012q4\bin\../arm-none-eabi
  23              	@ -MD cmsis/device/stm32f4xx_syscfg.d -MF .dep/stm32f4xx_syscfg.o.d -MP
  24              	@ -MQ cmsis/device/stm32f4xx_syscfg.o -D__USES_INITFINI__ -D __FPU_USED=1
  25              	@ -D __arm__ -D __ASSEMBLY__ -D USE_STDPERIPH_DRIVER -D STM32F4XX
  26              	@ -D HSE_VALUE=8000000 -D __FPU_PRESENT=1 -D STM32F407VG
  27              	@ -D RUN_FROM_FLASH=1 cmsis/device/stm32f4xx_syscfg.c -mthumb
  28              	@ -mcpu=cortex-m4 -mfloat-abi=hard -mfpu=fpv4-sp-d16
  29              	@ -auxbase-strip cmsis/device/stm32f4xx_syscfg.o -gdwarf-2 -O2 -Wall
  30              	@ -Wstrict-prototypes -fverbose-asm -ffunction-sections -fdata-sections
  31              	@ options enabled:  -fauto-inc-dec -fbranch-count-reg -fcaller-saves
  32              	@ -fcombine-stack-adjustments -fcommon -fcompare-elim -fcprop-registers
  33              	@ -fcrossjumping -fcse-follow-jumps -fdata-sections -fdebug-types-section
  34              	@ -fdefer-pop -fdelete-null-pointer-checks -fdevirtualize -fdwarf2-cfi-asm
  35              	@ -fearly-inlining -feliminate-unused-debug-types -fexpensive-optimizations
  36              	@ -fforward-propagate -ffunction-cse -ffunction-sections -fgcse -fgcse-lm
  37              	@ -fgnu-runtime -fguess-branch-probability -fident -fif-conversion
  38              	@ -fif-conversion2 -findirect-inlining -finline -finline-atomics
  39              	@ -finline-functions-called-once -finline-small-functions -fipa-cp
  40              	@ -fipa-profile -fipa-pure-const -fipa-reference -fipa-sra
  41              	@ -fira-share-save-slots -fira-share-spill-slots -fivopts
  42              	@ -fkeep-static-consts -fleading-underscore -fmath-errno -fmerge-constants
  43              	@ -fmerge-debug-strings -fmove-loop-invariants -fomit-frame-pointer
  44              	@ -foptimize-register-move -foptimize-sibling-calls -foptimize-strlen
  45              	@ -fpartial-inlining -fpeephole -fpeephole2 -fprefetch-loop-arrays
  46              	@ -freg-struct-return -fregmove -frename-registers -freorder-blocks
  47              	@ -freorder-functions -frerun-cse-after-loop
  48              	@ -fsched-critical-path-heuristic -fsched-dep-count-heuristic
  49              	@ -fsched-group-heuristic -fsched-interblock -fsched-last-insn-heuristic
  50              	@ -fsched-rank-heuristic -fsched-spec -fsched-spec-insn-heuristic
  51              	@ -fsched-stalled-insns-dep -fschedule-insns -fschedule-insns2
  52              	@ -fsection-anchors -fshow-column -fshrink-wrap -fsigned-zeros
  53              	@ -fsplit-ivs-in-unroller -fsplit-wide-types -fstrict-aliasing
  54              	@ -fstrict-overflow -fstrict-volatile-bitfields -fthread-jumps
  55              	@ -ftoplevel-reorder -ftrapping-math -ftree-bit-ccp -ftree-builtin-call-dce
  56              	@ -ftree-ccp -ftree-ch -ftree-copy-prop -ftree-copyrename -ftree-cselim
  57              	@ -ftree-dce -ftree-dominator-opts -ftree-dse -ftree-forwprop -ftree-fre
ARM GAS  C:\Users\CNous\AppData\Local\Temp\ccmlrAUg.s 			page 2


  58              	@ -ftree-loop-if-convert -ftree-loop-im -ftree-loop-ivcanon
  59              	@ -ftree-loop-optimize -ftree-parallelize-loops= -ftree-phiprop -ftree-pre
  60              	@ -ftree-pta -ftree-reassoc -ftree-scev-cprop -ftree-sink
  61              	@ -ftree-slp-vectorize -ftree-sra -ftree-switch-conversion
  62              	@ -ftree-tail-merge -ftree-ter -ftree-vect-loop-version -ftree-vrp
  63              	@ -funit-at-a-time -funroll-loops -fvar-tracking -fvar-tracking-assignments
  64              	@ -fverbose-asm -fweb -fzero-initialized-in-bss -mlittle-endian
  65              	@ -msched-prolog -mthumb -munaligned-access -mvectorize-with-neon-quad
  66              	
  67              		.text
  68              	.Ltext0:
  69              		.cfi_sections	.debug_frame
  70              		.section	.text.SYSCFG_DeInit,"ax",%progbits
  71              		.align	2
  72              		.global	SYSCFG_DeInit
  73              		.thumb
  74              		.thumb_func
  75              		.type	SYSCFG_DeInit, %function
  76              	SYSCFG_DeInit:
  77              	.LFB110:
  78              		.file 1 "cmsis/device/stm32f4xx_syscfg.c"
   1:cmsis/device/stm32f4xx_syscfg.c **** /**
   2:cmsis/device/stm32f4xx_syscfg.c ****   ******************************************************************************
   3:cmsis/device/stm32f4xx_syscfg.c ****   * @file    stm32f4xx_syscfg.c
   4:cmsis/device/stm32f4xx_syscfg.c ****   * @author  MCD Application Team
   5:cmsis/device/stm32f4xx_syscfg.c ****   * @version V1.0.0
   6:cmsis/device/stm32f4xx_syscfg.c ****   * @date    30-September-2011
   7:cmsis/device/stm32f4xx_syscfg.c ****   * @brief   This file provides firmware functions to manage the SYSCFG peripheral.
   8:cmsis/device/stm32f4xx_syscfg.c ****   *
   9:cmsis/device/stm32f4xx_syscfg.c ****   *  @verbatim
  10:cmsis/device/stm32f4xx_syscfg.c ****   *  
  11:cmsis/device/stm32f4xx_syscfg.c ****   *          ===================================================================
  12:cmsis/device/stm32f4xx_syscfg.c ****   *                                 How to use this driver
  13:cmsis/device/stm32f4xx_syscfg.c ****   *          ===================================================================
  14:cmsis/device/stm32f4xx_syscfg.c ****   *                  
  15:cmsis/device/stm32f4xx_syscfg.c ****   *          This driver provides functions for:
  16:cmsis/device/stm32f4xx_syscfg.c ****   *          
  17:cmsis/device/stm32f4xx_syscfg.c ****   *          1. Remapping the memory accessible in the code area using SYSCFG_MemoryRemapConfig()
  18:cmsis/device/stm32f4xx_syscfg.c ****   *              
  19:cmsis/device/stm32f4xx_syscfg.c ****   *          2. Manage the EXTI lines connection to the GPIOs using SYSCFG_EXTILineConfig()
  20:cmsis/device/stm32f4xx_syscfg.c ****   *            
  21:cmsis/device/stm32f4xx_syscfg.c ****   *          3. Select the ETHERNET media interface (RMII/RII) using SYSCFG_ETH_MediaInterfaceConfi
  22:cmsis/device/stm32f4xx_syscfg.c ****   *
  23:cmsis/device/stm32f4xx_syscfg.c ****   *  @note  SYSCFG APB clock must be enabled to get write access to SYSCFG registers,
  24:cmsis/device/stm32f4xx_syscfg.c ****   *         using RCC_APB2PeriphClockCmd(RCC_APB2Periph_SYSCFG, ENABLE);
  25:cmsis/device/stm32f4xx_syscfg.c ****   *                 
  26:cmsis/device/stm32f4xx_syscfg.c ****   *  @endverbatim
  27:cmsis/device/stm32f4xx_syscfg.c ****   *      
  28:cmsis/device/stm32f4xx_syscfg.c ****   ******************************************************************************
  29:cmsis/device/stm32f4xx_syscfg.c ****   * @attention
  30:cmsis/device/stm32f4xx_syscfg.c ****   *
  31:cmsis/device/stm32f4xx_syscfg.c ****   * THE PRESENT FIRMWARE WHICH IS FOR GUIDANCE ONLY AIMS AT PROVIDING CUSTOMERS
  32:cmsis/device/stm32f4xx_syscfg.c ****   * WITH CODING INFORMATION REGARDING THEIR PRODUCTS IN ORDER FOR THEM TO SAVE
  33:cmsis/device/stm32f4xx_syscfg.c ****   * TIME. AS A RESULT, STMICROELECTRONICS SHALL NOT BE HELD LIABLE FOR ANY
  34:cmsis/device/stm32f4xx_syscfg.c ****   * DIRECT, INDIRECT OR CONSEQUENTIAL DAMAGES WITH RESPECT TO ANY CLAIMS ARISING
  35:cmsis/device/stm32f4xx_syscfg.c ****   * FROM THE CONTENT OF SUCH FIRMWARE AND/OR THE USE MADE BY CUSTOMERS OF THE
  36:cmsis/device/stm32f4xx_syscfg.c ****   * CODING INFORMATION CONTAINED HEREIN IN CONNECTION WITH THEIR PRODUCTS.
ARM GAS  C:\Users\CNous\AppData\Local\Temp\ccmlrAUg.s 			page 3


  37:cmsis/device/stm32f4xx_syscfg.c ****   *
  38:cmsis/device/stm32f4xx_syscfg.c ****   * <h2><center>&copy; COPYRIGHT 2011 STMicroelectronics</center></h2>
  39:cmsis/device/stm32f4xx_syscfg.c ****   ******************************************************************************
  40:cmsis/device/stm32f4xx_syscfg.c ****   */
  41:cmsis/device/stm32f4xx_syscfg.c **** 
  42:cmsis/device/stm32f4xx_syscfg.c **** /* Includes ------------------------------------------------------------------*/
  43:cmsis/device/stm32f4xx_syscfg.c **** #include "stm32f4xx_syscfg.h"
  44:cmsis/device/stm32f4xx_syscfg.c **** #include "stm32f4xx_rcc.h"
  45:cmsis/device/stm32f4xx_syscfg.c **** 
  46:cmsis/device/stm32f4xx_syscfg.c **** /** @addtogroup STM32F4xx_StdPeriph_Driver
  47:cmsis/device/stm32f4xx_syscfg.c ****   * @{
  48:cmsis/device/stm32f4xx_syscfg.c ****   */
  49:cmsis/device/stm32f4xx_syscfg.c **** 
  50:cmsis/device/stm32f4xx_syscfg.c **** /** @defgroup SYSCFG 
  51:cmsis/device/stm32f4xx_syscfg.c ****   * @brief SYSCFG driver modules
  52:cmsis/device/stm32f4xx_syscfg.c ****   * @{
  53:cmsis/device/stm32f4xx_syscfg.c ****   */ 
  54:cmsis/device/stm32f4xx_syscfg.c **** 
  55:cmsis/device/stm32f4xx_syscfg.c **** /* Private typedef -----------------------------------------------------------*/
  56:cmsis/device/stm32f4xx_syscfg.c **** /* Private define ------------------------------------------------------------*/
  57:cmsis/device/stm32f4xx_syscfg.c **** /* ------------ RCC registers bit address in the alias region ----------- */
  58:cmsis/device/stm32f4xx_syscfg.c **** #define SYSCFG_OFFSET             (SYSCFG_BASE - PERIPH_BASE)
  59:cmsis/device/stm32f4xx_syscfg.c **** /* ---  PMC Register ---*/ 
  60:cmsis/device/stm32f4xx_syscfg.c **** /* Alias word address of MII_RMII_SEL bit */ 
  61:cmsis/device/stm32f4xx_syscfg.c **** #define PMC_OFFSET                (SYSCFG_OFFSET + 0x04) 
  62:cmsis/device/stm32f4xx_syscfg.c **** #define MII_RMII_SEL_BitNumber    ((uint8_t)0x17) 
  63:cmsis/device/stm32f4xx_syscfg.c **** #define PMC_MII_RMII_SEL_BB       (PERIPH_BB_BASE + (PMC_OFFSET * 32) + (MII_RMII_SEL_BitNumber * 4
  64:cmsis/device/stm32f4xx_syscfg.c **** 
  65:cmsis/device/stm32f4xx_syscfg.c **** /* ---  CMPCR Register ---*/ 
  66:cmsis/device/stm32f4xx_syscfg.c **** /* Alias word address of CMP_PD bit */ 
  67:cmsis/device/stm32f4xx_syscfg.c **** #define CMPCR_OFFSET              (SYSCFG_OFFSET + 0x20) 
  68:cmsis/device/stm32f4xx_syscfg.c **** #define CMP_PD_BitNumber          ((uint8_t)0x00) 
  69:cmsis/device/stm32f4xx_syscfg.c **** #define CMPCR_CMP_PD_BB           (PERIPH_BB_BASE + (CMPCR_OFFSET * 32) + (CMP_PD_BitNumber * 4)) 
  70:cmsis/device/stm32f4xx_syscfg.c **** 
  71:cmsis/device/stm32f4xx_syscfg.c **** /* Private macro -------------------------------------------------------------*/
  72:cmsis/device/stm32f4xx_syscfg.c **** /* Private variables ---------------------------------------------------------*/
  73:cmsis/device/stm32f4xx_syscfg.c **** /* Private function prototypes -----------------------------------------------*/
  74:cmsis/device/stm32f4xx_syscfg.c **** /* Private functions ---------------------------------------------------------*/
  75:cmsis/device/stm32f4xx_syscfg.c **** 
  76:cmsis/device/stm32f4xx_syscfg.c **** /** @defgroup SYSCFG_Private_Functions
  77:cmsis/device/stm32f4xx_syscfg.c ****   * @{
  78:cmsis/device/stm32f4xx_syscfg.c ****   */ 
  79:cmsis/device/stm32f4xx_syscfg.c **** 
  80:cmsis/device/stm32f4xx_syscfg.c **** /**
  81:cmsis/device/stm32f4xx_syscfg.c ****   * @brief  Deinitializes the Alternate Functions (remap and EXTI configuration)
  82:cmsis/device/stm32f4xx_syscfg.c ****   *   registers to their default reset values.
  83:cmsis/device/stm32f4xx_syscfg.c ****   * @param  None
  84:cmsis/device/stm32f4xx_syscfg.c ****   * @retval None
  85:cmsis/device/stm32f4xx_syscfg.c ****   */
  86:cmsis/device/stm32f4xx_syscfg.c **** void SYSCFG_DeInit(void)
  87:cmsis/device/stm32f4xx_syscfg.c **** {
  79              		.loc 1 87 0
  80              		.cfi_startproc
  81              		@ args = 0, pretend = 0, frame = 0
  82              		@ frame_needed = 0, uses_anonymous_args = 0
  83 0000 08B5     		push	{r3, lr}	@
  84              	.LCFI0:
ARM GAS  C:\Users\CNous\AppData\Local\Temp\ccmlrAUg.s 			page 4


  85              		.cfi_def_cfa_offset 8
  86              		.cfi_offset 3, -8
  87              		.cfi_offset 14, -4
  88:cmsis/device/stm32f4xx_syscfg.c ****    RCC_APB2PeriphResetCmd(RCC_APB2Periph_SYSCFG, ENABLE);
  88              		.loc 1 88 0
  89 0002 0121     		movs	r1, #1	@,
  90 0004 4FF48040 		mov	r0, #16384	@,
  91 0008 FFF7FEFF 		bl	RCC_APB2PeriphResetCmd	@
  92              	.LVL0:
  89:cmsis/device/stm32f4xx_syscfg.c ****    RCC_APB2PeriphResetCmd(RCC_APB2Periph_SYSCFG, DISABLE);
  93              		.loc 1 89 0
  94 000c 4FF48040 		mov	r0, #16384	@,
  95 0010 0021     		movs	r1, #0	@,
  90:cmsis/device/stm32f4xx_syscfg.c **** }
  96              		.loc 1 90 0
  97 0012 BDE80840 		pop	{r3, lr}	@
  89:cmsis/device/stm32f4xx_syscfg.c ****    RCC_APB2PeriphResetCmd(RCC_APB2Periph_SYSCFG, DISABLE);
  98              		.loc 1 89 0
  99 0016 FFF7FEBF 		b	RCC_APB2PeriphResetCmd	@
 100              	.LVL1:
 101              		.cfi_endproc
 102              	.LFE110:
 103              		.size	SYSCFG_DeInit, .-SYSCFG_DeInit
 104 001a 00BF     		.section	.text.SYSCFG_MemoryRemapConfig,"ax",%progbits
 105              		.align	2
 106              		.global	SYSCFG_MemoryRemapConfig
 107              		.thumb
 108              		.thumb_func
 109              		.type	SYSCFG_MemoryRemapConfig, %function
 110              	SYSCFG_MemoryRemapConfig:
 111              	.LFB111:
  91:cmsis/device/stm32f4xx_syscfg.c **** 
  92:cmsis/device/stm32f4xx_syscfg.c **** /**
  93:cmsis/device/stm32f4xx_syscfg.c ****   * @brief  Changes the mapping of the specified pin.
  94:cmsis/device/stm32f4xx_syscfg.c ****   * @param  SYSCFG_Memory: selects the memory remapping.
  95:cmsis/device/stm32f4xx_syscfg.c ****   *         This parameter can be one of the following values:
  96:cmsis/device/stm32f4xx_syscfg.c ****   *            @arg SYSCFG_MemoryRemap_Flash:       Main Flash memory mapped at 0x00000000  
  97:cmsis/device/stm32f4xx_syscfg.c ****   *            @arg SYSCFG_MemoryRemap_SystemFlash: System Flash memory mapped at 0x00000000
  98:cmsis/device/stm32f4xx_syscfg.c ****   *            @arg SYSCFG_MemoryRemap_FSMC:        FSMC (Bank1 (NOR/PSRAM 1 and 2) mapped at 0x000
  99:cmsis/device/stm32f4xx_syscfg.c ****   *            @arg SYSCFG_MemoryRemap_SRAM:        Embedded SRAM (112kB) mapped at 0x00000000
 100:cmsis/device/stm32f4xx_syscfg.c ****   * @retval None
 101:cmsis/device/stm32f4xx_syscfg.c ****   */
 102:cmsis/device/stm32f4xx_syscfg.c **** void SYSCFG_MemoryRemapConfig(uint8_t SYSCFG_MemoryRemap)
 103:cmsis/device/stm32f4xx_syscfg.c **** {
 112              		.loc 1 103 0
 113              		.cfi_startproc
 114              		@ args = 0, pretend = 0, frame = 0
 115              		@ frame_needed = 0, uses_anonymous_args = 0
 116              		@ link register save eliminated.
 117              	.LVL2:
 104:cmsis/device/stm32f4xx_syscfg.c ****   /* Check the parameters */
 105:cmsis/device/stm32f4xx_syscfg.c ****   assert_param(IS_SYSCFG_MEMORY_REMAP_CONFING(SYSCFG_MemoryRemap));
 106:cmsis/device/stm32f4xx_syscfg.c **** 
 107:cmsis/device/stm32f4xx_syscfg.c ****   SYSCFG->MEMRMP = SYSCFG_MemoryRemap;
 118              		.loc 1 107 0
 119 0000 4FF46053 		mov	r3, #14336	@ tmp136,
 120 0004 C4F20103 		movt	r3, 16385	@ tmp136,
ARM GAS  C:\Users\CNous\AppData\Local\Temp\ccmlrAUg.s 			page 5


 121 0008 1860     		str	r0, [r3, #0]	@ SYSCFG_MemoryRemap, MEM[(struct SYSCFG_TypeDef *)1073821696B].MEMRMP
 122 000a 7047     		bx	lr	@
 123              		.cfi_endproc
 124              	.LFE111:
 125              		.size	SYSCFG_MemoryRemapConfig, .-SYSCFG_MemoryRemapConfig
 126              		.section	.text.SYSCFG_EXTILineConfig,"ax",%progbits
 127              		.align	2
 128              		.global	SYSCFG_EXTILineConfig
 129              		.thumb
 130              		.thumb_func
 131              		.type	SYSCFG_EXTILineConfig, %function
 132              	SYSCFG_EXTILineConfig:
 133              	.LFB112:
 108:cmsis/device/stm32f4xx_syscfg.c **** }
 109:cmsis/device/stm32f4xx_syscfg.c **** 
 110:cmsis/device/stm32f4xx_syscfg.c **** /**
 111:cmsis/device/stm32f4xx_syscfg.c ****   * @brief  Selects the GPIO pin used as EXTI Line.
 112:cmsis/device/stm32f4xx_syscfg.c ****   * @param  EXTI_PortSourceGPIOx : selects the GPIO port to be used as source for
 113:cmsis/device/stm32f4xx_syscfg.c ****   *          EXTI lines where x can be (A..I).
 114:cmsis/device/stm32f4xx_syscfg.c ****   * @param  EXTI_PinSourcex: specifies the EXTI line to be configured.
 115:cmsis/device/stm32f4xx_syscfg.c ****   *           This parameter can be EXTI_PinSourcex where x can be (0..15, except
 116:cmsis/device/stm32f4xx_syscfg.c ****   *           for EXTI_PortSourceGPIOI x can be (0..11).
 117:cmsis/device/stm32f4xx_syscfg.c ****   * @retval None
 118:cmsis/device/stm32f4xx_syscfg.c ****   */
 119:cmsis/device/stm32f4xx_syscfg.c **** void SYSCFG_EXTILineConfig(uint8_t EXTI_PortSourceGPIOx, uint8_t EXTI_PinSourcex)
 120:cmsis/device/stm32f4xx_syscfg.c **** {
 134              		.loc 1 120 0
 135              		.cfi_startproc
 136              		@ args = 0, pretend = 0, frame = 0
 137              		@ frame_needed = 0, uses_anonymous_args = 0
 138              		@ link register save eliminated.
 139              	.LVL3:
 121:cmsis/device/stm32f4xx_syscfg.c ****   uint32_t tmp = 0x00;
 122:cmsis/device/stm32f4xx_syscfg.c **** 
 123:cmsis/device/stm32f4xx_syscfg.c ****   /* Check the parameters */
 124:cmsis/device/stm32f4xx_syscfg.c ****   assert_param(IS_EXTI_PORT_SOURCE(EXTI_PortSourceGPIOx));
 125:cmsis/device/stm32f4xx_syscfg.c ****   assert_param(IS_EXTI_PIN_SOURCE(EXTI_PinSourcex));
 126:cmsis/device/stm32f4xx_syscfg.c **** 
 127:cmsis/device/stm32f4xx_syscfg.c ****   tmp = ((uint32_t)0x0F) << (0x04 * (EXTI_PinSourcex & (uint8_t)0x03));
 128:cmsis/device/stm32f4xx_syscfg.c ****   SYSCFG->EXTICR[EXTI_PinSourcex >> 0x02] &= ~tmp;
 140              		.loc 1 128 0
 141 0000 8A08     		lsrs	r2, r1, #2	@ D.6544, EXTI_PinSourcex,
 142 0002 4FF46053 		mov	r3, #14336	@ tmp154,
 143 0006 C4F20103 		movt	r3, 16385	@ tmp154,
 144 000a 0232     		adds	r2, r2, #2	@ tmp155, D.6544,
 127:cmsis/device/stm32f4xx_syscfg.c ****   tmp = ((uint32_t)0x0F) << (0x04 * (EXTI_PinSourcex & (uint8_t)0x03));
 145              		.loc 1 127 0
 146 000c 01F00301 		and	r1, r1, #3	@ D.6559, EXTI_PinSourcex,
 147              	.LVL4:
 120:cmsis/device/stm32f4xx_syscfg.c **** {
 148              		.loc 1 120 0
 149 0010 30B4     		push	{r4, r5}	@
 150              	.LCFI1:
 151              		.cfi_def_cfa_offset 8
 152              		.cfi_offset 4, -8
 153              		.cfi_offset 5, -4
 127:cmsis/device/stm32f4xx_syscfg.c ****   tmp = ((uint32_t)0x0F) << (0x04 * (EXTI_PinSourcex & (uint8_t)0x03));
ARM GAS  C:\Users\CNous\AppData\Local\Temp\ccmlrAUg.s 			page 6


 154              		.loc 1 127 0
 155 0012 8900     		lsls	r1, r1, #2	@ D.6541, D.6559,
 156              	.LVL5:
 157              		.loc 1 128 0
 158 0014 53F82250 		ldr	r5, [r3, r2, lsl #2]	@ D.6545, MEM[(struct SYSCFG_TypeDef *)1073821696B].EXTICR
 127:cmsis/device/stm32f4xx_syscfg.c ****   tmp = ((uint32_t)0x0F) << (0x04 * (EXTI_PinSourcex & (uint8_t)0x03));
 159              		.loc 1 127 0
 160 0018 0F24     		movs	r4, #15	@ tmp157,
 161 001a 04FA01F4 		lsl	r4, r4, r1	@ tmp156, tmp157, D.6541
 162              	.LVL6:
 163              		.loc 1 128 0
 164 001e 25EA0404 		bic	r4, r5, r4	@ D.6547, D.6545, tmp156
 165              	.LVL7:
 166 0022 43F82240 		str	r4, [r3, r2, lsl #2]	@ D.6547, MEM[(struct SYSCFG_TypeDef *)1073821696B].EXTICR
 129:cmsis/device/stm32f4xx_syscfg.c ****   SYSCFG->EXTICR[EXTI_PinSourcex >> 0x02] |= (((uint32_t)EXTI_PortSourceGPIOx) << (0x04 * (EXTI_Pin
 167              		.loc 1 129 0
 168 0026 53F82240 		ldr	r4, [r3, r2, lsl #2]	@ D.6548, MEM[(struct SYSCFG_TypeDef *)1073821696B].EXTICR
 169 002a 00FA01F0 		lsl	r0, r0, r1	@ tmp163, EXTI_PortSourceGPIOx, D.6541
 170              	.LVL8:
 171 002e 0443     		orrs	r4, r4, r0	@, D.6551, D.6548, tmp163
 172 0030 43F82240 		str	r4, [r3, r2, lsl #2]	@ D.6551, MEM[(struct SYSCFG_TypeDef *)1073821696B].EXTICR
 130:cmsis/device/stm32f4xx_syscfg.c **** }
 173              		.loc 1 130 0
 174 0034 30BC     		pop	{r4, r5}
 175 0036 7047     		bx	lr
 176              		.cfi_endproc
 177              	.LFE112:
 178              		.size	SYSCFG_EXTILineConfig, .-SYSCFG_EXTILineConfig
 179              		.section	.text.SYSCFG_ETH_MediaInterfaceConfig,"ax",%progbits
 180              		.align	2
 181              		.global	SYSCFG_ETH_MediaInterfaceConfig
 182              		.thumb
 183              		.thumb_func
 184              		.type	SYSCFG_ETH_MediaInterfaceConfig, %function
 185              	SYSCFG_ETH_MediaInterfaceConfig:
 186              	.LFB113:
 131:cmsis/device/stm32f4xx_syscfg.c **** 
 132:cmsis/device/stm32f4xx_syscfg.c **** /**
 133:cmsis/device/stm32f4xx_syscfg.c ****   * @brief  Selects the ETHERNET media interface 
 134:cmsis/device/stm32f4xx_syscfg.c ****   * @param  SYSCFG_ETH_MediaInterface: specifies the Media Interface mode. 
 135:cmsis/device/stm32f4xx_syscfg.c ****   *          This parameter can be one of the following values: 
 136:cmsis/device/stm32f4xx_syscfg.c ****   *            @arg SYSCFG_ETH_MediaInterface_MII: MII mode selected
 137:cmsis/device/stm32f4xx_syscfg.c ****   *            @arg SYSCFG_ETH_MediaInterface_RMII: RMII mode selected 
 138:cmsis/device/stm32f4xx_syscfg.c ****   * @retval None 
 139:cmsis/device/stm32f4xx_syscfg.c ****   */
 140:cmsis/device/stm32f4xx_syscfg.c **** void SYSCFG_ETH_MediaInterfaceConfig(uint32_t SYSCFG_ETH_MediaInterface) 
 141:cmsis/device/stm32f4xx_syscfg.c **** { 
 187              		.loc 1 141 0
 188              		.cfi_startproc
 189              		@ args = 0, pretend = 0, frame = 0
 190              		@ frame_needed = 0, uses_anonymous_args = 0
 191              		@ link register save eliminated.
 192              	.LVL9:
 142:cmsis/device/stm32f4xx_syscfg.c ****   assert_param(IS_SYSCFG_ETH_MEDIA_INTERFACE(SYSCFG_ETH_MediaInterface)); 
 143:cmsis/device/stm32f4xx_syscfg.c ****   /* Configure MII_RMII selection bit */ 
 144:cmsis/device/stm32f4xx_syscfg.c ****   *(__IO uint32_t *) PMC_MII_RMII_SEL_BB = SYSCFG_ETH_MediaInterface; 
 193              		.loc 1 144 0
ARM GAS  C:\Users\CNous\AppData\Local\Temp\ccmlrAUg.s 			page 7


 194 0000 DC23     		movs	r3, #220	@ tmp136,
 195 0002 C4F22723 		movt	r3, 16935	@ tmp136,
 196 0006 1860     		str	r0, [r3, #0]	@ SYSCFG_ETH_MediaInterface, MEM[(volatile uint32_t *)1109852380B]
 197 0008 7047     		bx	lr	@
 198              		.cfi_endproc
 199              	.LFE113:
 200              		.size	SYSCFG_ETH_MediaInterfaceConfig, .-SYSCFG_ETH_MediaInterfaceConfig
 201 000a 00BF     		.section	.text.SYSCFG_CompensationCellCmd,"ax",%progbits
 202              		.align	2
 203              		.global	SYSCFG_CompensationCellCmd
 204              		.thumb
 205              		.thumb_func
 206              		.type	SYSCFG_CompensationCellCmd, %function
 207              	SYSCFG_CompensationCellCmd:
 208              	.LFB114:
 145:cmsis/device/stm32f4xx_syscfg.c **** }
 146:cmsis/device/stm32f4xx_syscfg.c **** 
 147:cmsis/device/stm32f4xx_syscfg.c **** /**
 148:cmsis/device/stm32f4xx_syscfg.c ****   * @brief  Enables or disables the I/O Compensation Cell.
 149:cmsis/device/stm32f4xx_syscfg.c ****   * @note   The I/O compensation cell can be used only when the device supply
 150:cmsis/device/stm32f4xx_syscfg.c ****   *         voltage ranges from 2.4 to 3.6 V.  
 151:cmsis/device/stm32f4xx_syscfg.c ****   * @param  NewState: new state of the I/O Compensation Cell.
 152:cmsis/device/stm32f4xx_syscfg.c ****   *          This parameter can be one of the following values:
 153:cmsis/device/stm32f4xx_syscfg.c ****   *            @arg ENABLE: I/O compensation cell enabled  
 154:cmsis/device/stm32f4xx_syscfg.c ****   *            @arg DISABLE: I/O compensation cell power-down mode  
 155:cmsis/device/stm32f4xx_syscfg.c ****   * @retval None
 156:cmsis/device/stm32f4xx_syscfg.c ****   */
 157:cmsis/device/stm32f4xx_syscfg.c **** void SYSCFG_CompensationCellCmd(FunctionalState NewState)
 158:cmsis/device/stm32f4xx_syscfg.c **** {
 209              		.loc 1 158 0
 210              		.cfi_startproc
 211              		@ args = 0, pretend = 0, frame = 0
 212              		@ frame_needed = 0, uses_anonymous_args = 0
 213              		@ link register save eliminated.
 214              	.LVL10:
 159:cmsis/device/stm32f4xx_syscfg.c ****   /* Check the parameters */
 160:cmsis/device/stm32f4xx_syscfg.c ****   assert_param(IS_FUNCTIONAL_STATE(NewState));
 161:cmsis/device/stm32f4xx_syscfg.c **** 
 162:cmsis/device/stm32f4xx_syscfg.c ****   *(__IO uint32_t *) CMPCR_CMP_PD_BB = (uint32_t)NewState;
 215              		.loc 1 162 0
 216 0000 4FF48063 		mov	r3, #1024	@ tmp136,
 217 0004 C4F22723 		movt	r3, 16935	@ tmp136,
 218 0008 1860     		str	r0, [r3, #0]	@ NewState, MEM[(volatile uint32_t *)1109853184B]
 219 000a 7047     		bx	lr	@
 220              		.cfi_endproc
 221              	.LFE114:
 222              		.size	SYSCFG_CompensationCellCmd, .-SYSCFG_CompensationCellCmd
 223              		.section	.text.SYSCFG_GetCompensationCellStatus,"ax",%progbits
 224              		.align	2
 225              		.global	SYSCFG_GetCompensationCellStatus
 226              		.thumb
 227              		.thumb_func
 228              		.type	SYSCFG_GetCompensationCellStatus, %function
 229              	SYSCFG_GetCompensationCellStatus:
 230              	.LFB115:
 163:cmsis/device/stm32f4xx_syscfg.c **** }
 164:cmsis/device/stm32f4xx_syscfg.c **** 
ARM GAS  C:\Users\CNous\AppData\Local\Temp\ccmlrAUg.s 			page 8


 165:cmsis/device/stm32f4xx_syscfg.c **** /**
 166:cmsis/device/stm32f4xx_syscfg.c ****   * @brief  Checks whether the I/O Compensation Cell ready flag is set or not.
 167:cmsis/device/stm32f4xx_syscfg.c ****   * @param  None
 168:cmsis/device/stm32f4xx_syscfg.c ****   * @retval The new state of the I/O Compensation Cell ready flag (SET or RESET)
 169:cmsis/device/stm32f4xx_syscfg.c ****   */
 170:cmsis/device/stm32f4xx_syscfg.c **** FlagStatus SYSCFG_GetCompensationCellStatus(void)
 171:cmsis/device/stm32f4xx_syscfg.c **** {
 231              		.loc 1 171 0
 232              		.cfi_startproc
 233              		@ args = 0, pretend = 0, frame = 0
 234              		@ frame_needed = 0, uses_anonymous_args = 0
 235              		@ link register save eliminated.
 236              	.LVL11:
 172:cmsis/device/stm32f4xx_syscfg.c ****   FlagStatus bitstatus = RESET;
 173:cmsis/device/stm32f4xx_syscfg.c ****     
 174:cmsis/device/stm32f4xx_syscfg.c ****   if ((SYSCFG->CMPCR & SYSCFG_CMPCR_READY ) != (uint32_t)RESET)
 237              		.loc 1 174 0
 238 0000 4FF46053 		mov	r3, #14336	@ tmp139,
 239 0004 C4F20103 		movt	r3, 16385	@ tmp139,
 240 0008 186A     		ldr	r0, [r3, #32]	@ D.6529, MEM[(struct SYSCFG_TypeDef *)1073821696B].CMPCR
 241              	.LVL12:
 175:cmsis/device/stm32f4xx_syscfg.c ****   {
 176:cmsis/device/stm32f4xx_syscfg.c ****     bitstatus = SET;
 177:cmsis/device/stm32f4xx_syscfg.c ****   }
 178:cmsis/device/stm32f4xx_syscfg.c ****   else
 179:cmsis/device/stm32f4xx_syscfg.c ****   {
 180:cmsis/device/stm32f4xx_syscfg.c ****     bitstatus = RESET;
 181:cmsis/device/stm32f4xx_syscfg.c ****   }
 182:cmsis/device/stm32f4xx_syscfg.c ****   return bitstatus;
 183:cmsis/device/stm32f4xx_syscfg.c **** }
 242              		.loc 1 183 0
 243 000a C0F30020 		ubfx	r0, r0, #8, #1	@, D.6529,,
 244              	.LVL13:
 245 000e 7047     		bx	lr	@
 246              		.cfi_endproc
 247              	.LFE115:
 248              		.size	SYSCFG_GetCompensationCellStatus, .-SYSCFG_GetCompensationCellStatus
 249              		.text
 250              	.Letext0:
 251              		.file 2 "c:\\gnutoolsarmembedded\\4.7-2012q4\\bin\\../lib/gcc/arm-none-eabi/4.7.3/../../../../arm-
 252              		.file 3 "cmsis/device/stm32f4xx.h"
 253              		.file 4 "./cmsis/core/core_cm4.h"
 254              		.file 5 "./cmsis/device/stm32f4xx_rcc.h"
 255              		.section	.debug_info,"",%progbits
 256              	.Ldebug_info0:
 257 0000 C2020000 		.4byte	0x2c2
 258 0004 0200     		.2byte	0x2
 259 0006 00000000 		.4byte	.Ldebug_abbrev0
 260 000a 04       		.byte	0x4
 261 000b 01       		.uleb128 0x1
 262 000c 37010000 		.4byte	.LASF34
 263 0010 01       		.byte	0x1
 264 0011 C9000000 		.4byte	.LASF35
 265 0015 4F020000 		.4byte	.LASF36
 266 0019 00000000 		.4byte	.Ldebug_ranges0+0
 267 001d 00000000 		.4byte	0
 268 0021 00000000 		.4byte	0
ARM GAS  C:\Users\CNous\AppData\Local\Temp\ccmlrAUg.s 			page 9


 269 0025 00000000 		.4byte	.Ldebug_line0
 270 0029 02       		.uleb128 0x2
 271 002a 01       		.byte	0x1
 272 002b 06       		.byte	0x6
 273 002c 7D020000 		.4byte	.LASF0
 274 0030 03       		.uleb128 0x3
 275 0031 CE010000 		.4byte	.LASF4
 276 0035 02       		.byte	0x2
 277 0036 2A       		.byte	0x2a
 278 0037 3B000000 		.4byte	0x3b
 279 003b 02       		.uleb128 0x2
 280 003c 01       		.byte	0x1
 281 003d 08       		.byte	0x8
 282 003e B0000000 		.4byte	.LASF1
 283 0042 02       		.uleb128 0x2
 284 0043 02       		.byte	0x2
 285 0044 05       		.byte	0x5
 286 0045 18020000 		.4byte	.LASF2
 287 0049 02       		.uleb128 0x2
 288 004a 02       		.byte	0x2
 289 004b 07       		.byte	0x7
 290 004c 3B000000 		.4byte	.LASF3
 291 0050 03       		.uleb128 0x3
 292 0051 E6010000 		.4byte	.LASF5
 293 0055 02       		.byte	0x2
 294 0056 4F       		.byte	0x4f
 295 0057 5B000000 		.4byte	0x5b
 296 005b 02       		.uleb128 0x2
 297 005c 04       		.byte	0x4
 298 005d 05       		.byte	0x5
 299 005e 74020000 		.4byte	.LASF6
 300 0062 03       		.uleb128 0x3
 301 0063 19010000 		.4byte	.LASF7
 302 0067 02       		.byte	0x2
 303 0068 50       		.byte	0x50
 304 0069 6D000000 		.4byte	0x6d
 305 006d 02       		.uleb128 0x2
 306 006e 04       		.byte	0x4
 307 006f 07       		.byte	0x7
 308 0070 E9000000 		.4byte	.LASF8
 309 0074 02       		.uleb128 0x2
 310 0075 08       		.byte	0x8
 311 0076 05       		.byte	0x5
 312 0077 F7010000 		.4byte	.LASF9
 313 007b 02       		.uleb128 0x2
 314 007c 08       		.byte	0x8
 315 007d 07       		.byte	0x7
 316 007e B7010000 		.4byte	.LASF10
 317 0082 04       		.uleb128 0x4
 318 0083 04       		.byte	0x4
 319 0084 05       		.byte	0x5
 320 0085 696E7400 		.ascii	"int\000"
 321 0089 02       		.uleb128 0x2
 322 008a 04       		.byte	0x4
 323 008b 07       		.byte	0x7
 324 008c AA010000 		.4byte	.LASF11
 325 0090 02       		.uleb128 0x2
ARM GAS  C:\Users\CNous\AppData\Local\Temp\ccmlrAUg.s 			page 10


 326 0091 04       		.byte	0x4
 327 0092 07       		.byte	0x7
 328 0093 EE010000 		.4byte	.LASF12
 329 0097 05       		.uleb128 0x5
 330 0098 62000000 		.4byte	0x62
 331 009c 06       		.uleb128 0x6
 332 009d 62000000 		.4byte	0x62
 333 00a1 AC000000 		.4byte	0xac
 334 00a5 07       		.uleb128 0x7
 335 00a6 90000000 		.4byte	0x90
 336 00aa 01       		.byte	0x1
 337 00ab 00       		.byte	0
 338 00ac 06       		.uleb128 0x6
 339 00ad 62000000 		.4byte	0x62
 340 00b1 BC000000 		.4byte	0xbc
 341 00b5 07       		.uleb128 0x7
 342 00b6 90000000 		.4byte	0x90
 343 00ba 03       		.byte	0x3
 344 00bb 00       		.byte	0
 345 00bc 05       		.uleb128 0x5
 346 00bd 50000000 		.4byte	0x50
 347 00c1 08       		.uleb128 0x8
 348 00c2 01       		.byte	0x1
 349 00c3 03       		.byte	0x3
 350 00c4 1801     		.2byte	0x118
 351 00c6 D7000000 		.4byte	0xd7
 352 00ca 09       		.uleb128 0x9
 353 00cb 93020000 		.4byte	.LASF13
 354 00cf 00       		.sleb128 0
 355 00d0 0A       		.uleb128 0xa
 356 00d1 53455400 		.ascii	"SET\000"
 357 00d5 01       		.sleb128 1
 358 00d6 00       		.byte	0
 359 00d7 0B       		.uleb128 0xb
 360 00d8 BE000000 		.4byte	.LASF14
 361 00dc 03       		.byte	0x3
 362 00dd 1801     		.2byte	0x118
 363 00df C1000000 		.4byte	0xc1
 364 00e3 08       		.uleb128 0x8
 365 00e4 01       		.byte	0x1
 366 00e5 03       		.byte	0x3
 367 00e6 1A01     		.2byte	0x11a
 368 00e8 F9000000 		.4byte	0xf9
 369 00ec 09       		.uleb128 0x9
 370 00ed 22010000 		.4byte	.LASF15
 371 00f1 00       		.sleb128 0
 372 00f2 09       		.uleb128 0x9
 373 00f3 8D000000 		.4byte	.LASF16
 374 00f7 01       		.sleb128 1
 375 00f8 00       		.byte	0
 376 00f9 0B       		.uleb128 0xb
 377 00fa 6F000000 		.4byte	.LASF17
 378 00fe 03       		.byte	0x3
 379 00ff 1A01     		.2byte	0x11a
 380 0101 E3000000 		.4byte	0xe3
 381 0105 0C       		.uleb128 0xc
 382 0106 24       		.byte	0x24
ARM GAS  C:\Users\CNous\AppData\Local\Temp\ccmlrAUg.s 			page 11


 383 0107 03       		.byte	0x3
 384 0108 9B02     		.2byte	0x29b
 385 010a 5A010000 		.4byte	0x15a
 386 010e 0D       		.uleb128 0xd
 387 010f FB000000 		.4byte	.LASF18
 388 0113 03       		.byte	0x3
 389 0114 9D02     		.2byte	0x29d
 390 0116 97000000 		.4byte	0x97
 391 011a 02       		.byte	0x2
 392 011b 23       		.byte	0x23
 393 011c 00       		.uleb128 0
 394 011d 0E       		.uleb128 0xe
 395 011e 504D4300 		.ascii	"PMC\000"
 396 0122 03       		.byte	0x3
 397 0123 9E02     		.2byte	0x29e
 398 0125 97000000 		.4byte	0x97
 399 0129 02       		.byte	0x2
 400 012a 23       		.byte	0x23
 401 012b 04       		.uleb128 0x4
 402 012c 0D       		.uleb128 0xd
 403 012d A3010000 		.4byte	.LASF19
 404 0131 03       		.byte	0x3
 405 0132 9F02     		.2byte	0x29f
 406 0134 5A010000 		.4byte	0x15a
 407 0138 02       		.byte	0x2
 408 0139 23       		.byte	0x23
 409 013a 08       		.uleb128 0x8
 410 013b 0D       		.uleb128 0xd
 411 013c 9A010000 		.4byte	.LASF20
 412 0140 03       		.byte	0x3
 413 0141 A002     		.2byte	0x2a0
 414 0143 9C000000 		.4byte	0x9c
 415 0147 02       		.byte	0x2
 416 0148 23       		.byte	0x23
 417 0149 18       		.uleb128 0x18
 418 014a 0D       		.uleb128 0xd
 419 014b AA000000 		.4byte	.LASF21
 420 014f 03       		.byte	0x3
 421 0150 A102     		.2byte	0x2a1
 422 0152 97000000 		.4byte	0x97
 423 0156 02       		.byte	0x2
 424 0157 23       		.byte	0x23
 425 0158 20       		.uleb128 0x20
 426 0159 00       		.byte	0
 427 015a 05       		.uleb128 0x5
 428 015b AC000000 		.4byte	0xac
 429 015f 0B       		.uleb128 0xb
 430 0160 2B020000 		.4byte	.LASF22
 431 0164 03       		.byte	0x3
 432 0165 A202     		.2byte	0x2a2
 433 0167 05010000 		.4byte	0x105
 434 016b 0F       		.uleb128 0xf
 435 016c 01       		.byte	0x1
 436 016d 7F000000 		.4byte	.LASF23
 437 0171 01       		.byte	0x1
 438 0172 56       		.byte	0x56
 439 0173 01       		.byte	0x1
ARM GAS  C:\Users\CNous\AppData\Local\Temp\ccmlrAUg.s 			page 12


 440 0174 00000000 		.4byte	.LFB110
 441 0178 1A000000 		.4byte	.LFE110
 442 017c 00000000 		.4byte	.LLST0
 443 0180 01       		.byte	0x1
 444 0181 B7010000 		.4byte	0x1b7
 445 0185 10       		.uleb128 0x10
 446 0186 0C000000 		.4byte	.LVL0
 447 018a AF020000 		.4byte	0x2af
 448 018e 9F010000 		.4byte	0x19f
 449 0192 11       		.uleb128 0x11
 450 0193 01       		.byte	0x1
 451 0194 51       		.byte	0x51
 452 0195 01       		.byte	0x1
 453 0196 31       		.byte	0x31
 454 0197 11       		.uleb128 0x11
 455 0198 01       		.byte	0x1
 456 0199 50       		.byte	0x50
 457 019a 03       		.byte	0x3
 458 019b 0A       		.byte	0xa
 459 019c 0040     		.2byte	0x4000
 460 019e 00       		.byte	0
 461 019f 12       		.uleb128 0x12
 462 01a0 1A000000 		.4byte	.LVL1
 463 01a4 01       		.byte	0x1
 464 01a5 AF020000 		.4byte	0x2af
 465 01a9 11       		.uleb128 0x11
 466 01aa 01       		.byte	0x1
 467 01ab 51       		.byte	0x51
 468 01ac 01       		.byte	0x1
 469 01ad 30       		.byte	0x30
 470 01ae 11       		.uleb128 0x11
 471 01af 01       		.byte	0x1
 472 01b0 50       		.byte	0x50
 473 01b1 03       		.byte	0x3
 474 01b2 0A       		.byte	0xa
 475 01b3 0040     		.2byte	0x4000
 476 01b5 00       		.byte	0
 477 01b6 00       		.byte	0
 478 01b7 13       		.uleb128 0x13
 479 01b8 01       		.byte	0x1
 480 01b9 99020000 		.4byte	.LASF24
 481 01bd 01       		.byte	0x1
 482 01be 66       		.byte	0x66
 483 01bf 01       		.byte	0x1
 484 01c0 00000000 		.4byte	.LFB111
 485 01c4 0C000000 		.4byte	.LFE111
 486 01c8 02       		.byte	0x2
 487 01c9 7D       		.byte	0x7d
 488 01ca 00       		.sleb128 0
 489 01cb 01       		.byte	0x1
 490 01cc DE010000 		.4byte	0x1de
 491 01d0 14       		.uleb128 0x14
 492 01d1 05020000 		.4byte	.LASF26
 493 01d5 01       		.byte	0x1
 494 01d6 66       		.byte	0x66
 495 01d7 30000000 		.4byte	0x30
 496 01db 01       		.byte	0x1
ARM GAS  C:\Users\CNous\AppData\Local\Temp\ccmlrAUg.s 			page 13


 497 01dc 50       		.byte	0x50
 498 01dd 00       		.byte	0
 499 01de 0F       		.uleb128 0xf
 500 01df 01       		.byte	0x1
 501 01e0 94000000 		.4byte	.LASF25
 502 01e4 01       		.byte	0x1
 503 01e5 77       		.byte	0x77
 504 01e6 01       		.byte	0x1
 505 01e7 00000000 		.4byte	.LFB112
 506 01eb 38000000 		.4byte	.LFE112
 507 01ef 20000000 		.4byte	.LLST1
 508 01f3 01       		.byte	0x1
 509 01f4 26020000 		.4byte	0x226
 510 01f8 15       		.uleb128 0x15
 511 01f9 3A020000 		.4byte	.LASF27
 512 01fd 01       		.byte	0x1
 513 01fe 77       		.byte	0x77
 514 01ff 30000000 		.4byte	0x30
 515 0203 40000000 		.4byte	.LLST2
 516 0207 15       		.uleb128 0x15
 517 0208 D6010000 		.4byte	.LASF28
 518 020c 01       		.byte	0x1
 519 020d 77       		.byte	0x77
 520 020e 30000000 		.4byte	0x30
 521 0212 61000000 		.4byte	.LLST3
 522 0216 16       		.uleb128 0x16
 523 0217 746D7000 		.ascii	"tmp\000"
 524 021b 01       		.byte	0x1
 525 021c 79       		.byte	0x79
 526 021d 62000000 		.4byte	0x62
 527 0221 82000000 		.4byte	.LLST4
 528 0225 00       		.byte	0
 529 0226 13       		.uleb128 0x13
 530 0227 01       		.byte	0x1
 531 0228 00000000 		.4byte	.LASF29
 532 022c 01       		.byte	0x1
 533 022d 8C       		.byte	0x8c
 534 022e 01       		.byte	0x1
 535 022f 00000000 		.4byte	.LFB113
 536 0233 0A000000 		.4byte	.LFE113
 537 0237 02       		.byte	0x2
 538 0238 7D       		.byte	0x7d
 539 0239 00       		.sleb128 0
 540 023a 01       		.byte	0x1
 541 023b 4D020000 		.4byte	0x24d
 542 023f 14       		.uleb128 0x14
 543 0240 80010000 		.4byte	.LASF30
 544 0244 01       		.byte	0x1
 545 0245 8C       		.byte	0x8c
 546 0246 62000000 		.4byte	0x62
 547 024a 01       		.byte	0x1
 548 024b 50       		.byte	0x50
 549 024c 00       		.byte	0
 550 024d 13       		.uleb128 0x13
 551 024e 01       		.byte	0x1
 552 024f 20000000 		.4byte	.LASF31
 553 0253 01       		.byte	0x1
ARM GAS  C:\Users\CNous\AppData\Local\Temp\ccmlrAUg.s 			page 14


 554 0254 9D       		.byte	0x9d
 555 0255 01       		.byte	0x1
 556 0256 00000000 		.4byte	.LFB114
 557 025a 0C000000 		.4byte	.LFE114
 558 025e 02       		.byte	0x2
 559 025f 7D       		.byte	0x7d
 560 0260 00       		.sleb128 0
 561 0261 01       		.byte	0x1
 562 0262 74020000 		.4byte	0x274
 563 0266 14       		.uleb128 0x14
 564 0267 22020000 		.4byte	.LASF32
 565 026b 01       		.byte	0x1
 566 026c 9D       		.byte	0x9d
 567 026d F9000000 		.4byte	0xf9
 568 0271 01       		.byte	0x1
 569 0272 50       		.byte	0x50
 570 0273 00       		.byte	0
 571 0274 17       		.uleb128 0x17
 572 0275 01       		.byte	0x1
 573 0276 4E000000 		.4byte	.LASF37
 574 027a 01       		.byte	0x1
 575 027b AA       		.byte	0xaa
 576 027c 01       		.byte	0x1
 577 027d D7000000 		.4byte	0xd7
 578 0281 00000000 		.4byte	.LFB115
 579 0285 10000000 		.4byte	.LFE115
 580 0289 02       		.byte	0x2
 581 028a 7D       		.byte	0x7d
 582 028b 00       		.sleb128 0
 583 028c 01       		.byte	0x1
 584 028d A1020000 		.4byte	0x2a1
 585 0291 18       		.uleb128 0x18
 586 0292 89020000 		.4byte	.LASF33
 587 0296 01       		.byte	0x1
 588 0297 AC       		.byte	0xac
 589 0298 D7000000 		.4byte	0xd7
 590 029c BF000000 		.4byte	.LLST5
 591 02a0 00       		.byte	0
 592 02a1 19       		.uleb128 0x19
 593 02a2 2A010000 		.4byte	.LASF38
 594 02a6 04       		.byte	0x4
 595 02a7 1A05     		.2byte	0x51a
 596 02a9 BC000000 		.4byte	0xbc
 597 02ad 01       		.byte	0x1
 598 02ae 01       		.byte	0x1
 599 02af 1A       		.uleb128 0x1a
 600 02b0 01       		.byte	0x1
 601 02b1 02010000 		.4byte	.LASF39
 602 02b5 05       		.byte	0x5
 603 02b6 E101     		.2byte	0x1e1
 604 02b8 01       		.byte	0x1
 605 02b9 01       		.byte	0x1
 606 02ba 1B       		.uleb128 0x1b
 607 02bb 62000000 		.4byte	0x62
 608 02bf 1B       		.uleb128 0x1b
 609 02c0 F9000000 		.4byte	0xf9
 610 02c4 00       		.byte	0
ARM GAS  C:\Users\CNous\AppData\Local\Temp\ccmlrAUg.s 			page 15


 611 02c5 00       		.byte	0
 612              		.section	.debug_abbrev,"",%progbits
 613              	.Ldebug_abbrev0:
 614 0000 01       		.uleb128 0x1
 615 0001 11       		.uleb128 0x11
 616 0002 01       		.byte	0x1
 617 0003 25       		.uleb128 0x25
 618 0004 0E       		.uleb128 0xe
 619 0005 13       		.uleb128 0x13
 620 0006 0B       		.uleb128 0xb
 621 0007 03       		.uleb128 0x3
 622 0008 0E       		.uleb128 0xe
 623 0009 1B       		.uleb128 0x1b
 624 000a 0E       		.uleb128 0xe
 625 000b 55       		.uleb128 0x55
 626 000c 06       		.uleb128 0x6
 627 000d 11       		.uleb128 0x11
 628 000e 01       		.uleb128 0x1
 629 000f 52       		.uleb128 0x52
 630 0010 01       		.uleb128 0x1
 631 0011 10       		.uleb128 0x10
 632 0012 06       		.uleb128 0x6
 633 0013 00       		.byte	0
 634 0014 00       		.byte	0
 635 0015 02       		.uleb128 0x2
 636 0016 24       		.uleb128 0x24
 637 0017 00       		.byte	0
 638 0018 0B       		.uleb128 0xb
 639 0019 0B       		.uleb128 0xb
 640 001a 3E       		.uleb128 0x3e
 641 001b 0B       		.uleb128 0xb
 642 001c 03       		.uleb128 0x3
 643 001d 0E       		.uleb128 0xe
 644 001e 00       		.byte	0
 645 001f 00       		.byte	0
 646 0020 03       		.uleb128 0x3
 647 0021 16       		.uleb128 0x16
 648 0022 00       		.byte	0
 649 0023 03       		.uleb128 0x3
 650 0024 0E       		.uleb128 0xe
 651 0025 3A       		.uleb128 0x3a
 652 0026 0B       		.uleb128 0xb
 653 0027 3B       		.uleb128 0x3b
 654 0028 0B       		.uleb128 0xb
 655 0029 49       		.uleb128 0x49
 656 002a 13       		.uleb128 0x13
 657 002b 00       		.byte	0
 658 002c 00       		.byte	0
 659 002d 04       		.uleb128 0x4
 660 002e 24       		.uleb128 0x24
 661 002f 00       		.byte	0
 662 0030 0B       		.uleb128 0xb
 663 0031 0B       		.uleb128 0xb
 664 0032 3E       		.uleb128 0x3e
 665 0033 0B       		.uleb128 0xb
 666 0034 03       		.uleb128 0x3
 667 0035 08       		.uleb128 0x8
ARM GAS  C:\Users\CNous\AppData\Local\Temp\ccmlrAUg.s 			page 16


 668 0036 00       		.byte	0
 669 0037 00       		.byte	0
 670 0038 05       		.uleb128 0x5
 671 0039 35       		.uleb128 0x35
 672 003a 00       		.byte	0
 673 003b 49       		.uleb128 0x49
 674 003c 13       		.uleb128 0x13
 675 003d 00       		.byte	0
 676 003e 00       		.byte	0
 677 003f 06       		.uleb128 0x6
 678 0040 01       		.uleb128 0x1
 679 0041 01       		.byte	0x1
 680 0042 49       		.uleb128 0x49
 681 0043 13       		.uleb128 0x13
 682 0044 01       		.uleb128 0x1
 683 0045 13       		.uleb128 0x13
 684 0046 00       		.byte	0
 685 0047 00       		.byte	0
 686 0048 07       		.uleb128 0x7
 687 0049 21       		.uleb128 0x21
 688 004a 00       		.byte	0
 689 004b 49       		.uleb128 0x49
 690 004c 13       		.uleb128 0x13
 691 004d 2F       		.uleb128 0x2f
 692 004e 0B       		.uleb128 0xb
 693 004f 00       		.byte	0
 694 0050 00       		.byte	0
 695 0051 08       		.uleb128 0x8
 696 0052 04       		.uleb128 0x4
 697 0053 01       		.byte	0x1
 698 0054 0B       		.uleb128 0xb
 699 0055 0B       		.uleb128 0xb
 700 0056 3A       		.uleb128 0x3a
 701 0057 0B       		.uleb128 0xb
 702 0058 3B       		.uleb128 0x3b
 703 0059 05       		.uleb128 0x5
 704 005a 01       		.uleb128 0x1
 705 005b 13       		.uleb128 0x13
 706 005c 00       		.byte	0
 707 005d 00       		.byte	0
 708 005e 09       		.uleb128 0x9
 709 005f 28       		.uleb128 0x28
 710 0060 00       		.byte	0
 711 0061 03       		.uleb128 0x3
 712 0062 0E       		.uleb128 0xe
 713 0063 1C       		.uleb128 0x1c
 714 0064 0D       		.uleb128 0xd
 715 0065 00       		.byte	0
 716 0066 00       		.byte	0
 717 0067 0A       		.uleb128 0xa
 718 0068 28       		.uleb128 0x28
 719 0069 00       		.byte	0
 720 006a 03       		.uleb128 0x3
 721 006b 08       		.uleb128 0x8
 722 006c 1C       		.uleb128 0x1c
 723 006d 0D       		.uleb128 0xd
 724 006e 00       		.byte	0
ARM GAS  C:\Users\CNous\AppData\Local\Temp\ccmlrAUg.s 			page 17


 725 006f 00       		.byte	0
 726 0070 0B       		.uleb128 0xb
 727 0071 16       		.uleb128 0x16
 728 0072 00       		.byte	0
 729 0073 03       		.uleb128 0x3
 730 0074 0E       		.uleb128 0xe
 731 0075 3A       		.uleb128 0x3a
 732 0076 0B       		.uleb128 0xb
 733 0077 3B       		.uleb128 0x3b
 734 0078 05       		.uleb128 0x5
 735 0079 49       		.uleb128 0x49
 736 007a 13       		.uleb128 0x13
 737 007b 00       		.byte	0
 738 007c 00       		.byte	0
 739 007d 0C       		.uleb128 0xc
 740 007e 13       		.uleb128 0x13
 741 007f 01       		.byte	0x1
 742 0080 0B       		.uleb128 0xb
 743 0081 0B       		.uleb128 0xb
 744 0082 3A       		.uleb128 0x3a
 745 0083 0B       		.uleb128 0xb
 746 0084 3B       		.uleb128 0x3b
 747 0085 05       		.uleb128 0x5
 748 0086 01       		.uleb128 0x1
 749 0087 13       		.uleb128 0x13
 750 0088 00       		.byte	0
 751 0089 00       		.byte	0
 752 008a 0D       		.uleb128 0xd
 753 008b 0D       		.uleb128 0xd
 754 008c 00       		.byte	0
 755 008d 03       		.uleb128 0x3
 756 008e 0E       		.uleb128 0xe
 757 008f 3A       		.uleb128 0x3a
 758 0090 0B       		.uleb128 0xb
 759 0091 3B       		.uleb128 0x3b
 760 0092 05       		.uleb128 0x5
 761 0093 49       		.uleb128 0x49
 762 0094 13       		.uleb128 0x13
 763 0095 38       		.uleb128 0x38
 764 0096 0A       		.uleb128 0xa
 765 0097 00       		.byte	0
 766 0098 00       		.byte	0
 767 0099 0E       		.uleb128 0xe
 768 009a 0D       		.uleb128 0xd
 769 009b 00       		.byte	0
 770 009c 03       		.uleb128 0x3
 771 009d 08       		.uleb128 0x8
 772 009e 3A       		.uleb128 0x3a
 773 009f 0B       		.uleb128 0xb
 774 00a0 3B       		.uleb128 0x3b
 775 00a1 05       		.uleb128 0x5
 776 00a2 49       		.uleb128 0x49
 777 00a3 13       		.uleb128 0x13
 778 00a4 38       		.uleb128 0x38
 779 00a5 0A       		.uleb128 0xa
 780 00a6 00       		.byte	0
 781 00a7 00       		.byte	0
ARM GAS  C:\Users\CNous\AppData\Local\Temp\ccmlrAUg.s 			page 18


 782 00a8 0F       		.uleb128 0xf
 783 00a9 2E       		.uleb128 0x2e
 784 00aa 01       		.byte	0x1
 785 00ab 3F       		.uleb128 0x3f
 786 00ac 0C       		.uleb128 0xc
 787 00ad 03       		.uleb128 0x3
 788 00ae 0E       		.uleb128 0xe
 789 00af 3A       		.uleb128 0x3a
 790 00b0 0B       		.uleb128 0xb
 791 00b1 3B       		.uleb128 0x3b
 792 00b2 0B       		.uleb128 0xb
 793 00b3 27       		.uleb128 0x27
 794 00b4 0C       		.uleb128 0xc
 795 00b5 11       		.uleb128 0x11
 796 00b6 01       		.uleb128 0x1
 797 00b7 12       		.uleb128 0x12
 798 00b8 01       		.uleb128 0x1
 799 00b9 40       		.uleb128 0x40
 800 00ba 06       		.uleb128 0x6
 801 00bb 9742     		.uleb128 0x2117
 802 00bd 0C       		.uleb128 0xc
 803 00be 01       		.uleb128 0x1
 804 00bf 13       		.uleb128 0x13
 805 00c0 00       		.byte	0
 806 00c1 00       		.byte	0
 807 00c2 10       		.uleb128 0x10
 808 00c3 898201   		.uleb128 0x4109
 809 00c6 01       		.byte	0x1
 810 00c7 11       		.uleb128 0x11
 811 00c8 01       		.uleb128 0x1
 812 00c9 31       		.uleb128 0x31
 813 00ca 13       		.uleb128 0x13
 814 00cb 01       		.uleb128 0x1
 815 00cc 13       		.uleb128 0x13
 816 00cd 00       		.byte	0
 817 00ce 00       		.byte	0
 818 00cf 11       		.uleb128 0x11
 819 00d0 8A8201   		.uleb128 0x410a
 820 00d3 00       		.byte	0
 821 00d4 02       		.uleb128 0x2
 822 00d5 0A       		.uleb128 0xa
 823 00d6 9142     		.uleb128 0x2111
 824 00d8 0A       		.uleb128 0xa
 825 00d9 00       		.byte	0
 826 00da 00       		.byte	0
 827 00db 12       		.uleb128 0x12
 828 00dc 898201   		.uleb128 0x4109
 829 00df 01       		.byte	0x1
 830 00e0 11       		.uleb128 0x11
 831 00e1 01       		.uleb128 0x1
 832 00e2 9542     		.uleb128 0x2115
 833 00e4 0C       		.uleb128 0xc
 834 00e5 31       		.uleb128 0x31
 835 00e6 13       		.uleb128 0x13
 836 00e7 00       		.byte	0
 837 00e8 00       		.byte	0
 838 00e9 13       		.uleb128 0x13
ARM GAS  C:\Users\CNous\AppData\Local\Temp\ccmlrAUg.s 			page 19


 839 00ea 2E       		.uleb128 0x2e
 840 00eb 01       		.byte	0x1
 841 00ec 3F       		.uleb128 0x3f
 842 00ed 0C       		.uleb128 0xc
 843 00ee 03       		.uleb128 0x3
 844 00ef 0E       		.uleb128 0xe
 845 00f0 3A       		.uleb128 0x3a
 846 00f1 0B       		.uleb128 0xb
 847 00f2 3B       		.uleb128 0x3b
 848 00f3 0B       		.uleb128 0xb
 849 00f4 27       		.uleb128 0x27
 850 00f5 0C       		.uleb128 0xc
 851 00f6 11       		.uleb128 0x11
 852 00f7 01       		.uleb128 0x1
 853 00f8 12       		.uleb128 0x12
 854 00f9 01       		.uleb128 0x1
 855 00fa 40       		.uleb128 0x40
 856 00fb 0A       		.uleb128 0xa
 857 00fc 9742     		.uleb128 0x2117
 858 00fe 0C       		.uleb128 0xc
 859 00ff 01       		.uleb128 0x1
 860 0100 13       		.uleb128 0x13
 861 0101 00       		.byte	0
 862 0102 00       		.byte	0
 863 0103 14       		.uleb128 0x14
 864 0104 05       		.uleb128 0x5
 865 0105 00       		.byte	0
 866 0106 03       		.uleb128 0x3
 867 0107 0E       		.uleb128 0xe
 868 0108 3A       		.uleb128 0x3a
 869 0109 0B       		.uleb128 0xb
 870 010a 3B       		.uleb128 0x3b
 871 010b 0B       		.uleb128 0xb
 872 010c 49       		.uleb128 0x49
 873 010d 13       		.uleb128 0x13
 874 010e 02       		.uleb128 0x2
 875 010f 0A       		.uleb128 0xa
 876 0110 00       		.byte	0
 877 0111 00       		.byte	0
 878 0112 15       		.uleb128 0x15
 879 0113 05       		.uleb128 0x5
 880 0114 00       		.byte	0
 881 0115 03       		.uleb128 0x3
 882 0116 0E       		.uleb128 0xe
 883 0117 3A       		.uleb128 0x3a
 884 0118 0B       		.uleb128 0xb
 885 0119 3B       		.uleb128 0x3b
 886 011a 0B       		.uleb128 0xb
 887 011b 49       		.uleb128 0x49
 888 011c 13       		.uleb128 0x13
 889 011d 02       		.uleb128 0x2
 890 011e 06       		.uleb128 0x6
 891 011f 00       		.byte	0
 892 0120 00       		.byte	0
 893 0121 16       		.uleb128 0x16
 894 0122 34       		.uleb128 0x34
 895 0123 00       		.byte	0
ARM GAS  C:\Users\CNous\AppData\Local\Temp\ccmlrAUg.s 			page 20


 896 0124 03       		.uleb128 0x3
 897 0125 08       		.uleb128 0x8
 898 0126 3A       		.uleb128 0x3a
 899 0127 0B       		.uleb128 0xb
 900 0128 3B       		.uleb128 0x3b
 901 0129 0B       		.uleb128 0xb
 902 012a 49       		.uleb128 0x49
 903 012b 13       		.uleb128 0x13
 904 012c 02       		.uleb128 0x2
 905 012d 06       		.uleb128 0x6
 906 012e 00       		.byte	0
 907 012f 00       		.byte	0
 908 0130 17       		.uleb128 0x17
 909 0131 2E       		.uleb128 0x2e
 910 0132 01       		.byte	0x1
 911 0133 3F       		.uleb128 0x3f
 912 0134 0C       		.uleb128 0xc
 913 0135 03       		.uleb128 0x3
 914 0136 0E       		.uleb128 0xe
 915 0137 3A       		.uleb128 0x3a
 916 0138 0B       		.uleb128 0xb
 917 0139 3B       		.uleb128 0x3b
 918 013a 0B       		.uleb128 0xb
 919 013b 27       		.uleb128 0x27
 920 013c 0C       		.uleb128 0xc
 921 013d 49       		.uleb128 0x49
 922 013e 13       		.uleb128 0x13
 923 013f 11       		.uleb128 0x11
 924 0140 01       		.uleb128 0x1
 925 0141 12       		.uleb128 0x12
 926 0142 01       		.uleb128 0x1
 927 0143 40       		.uleb128 0x40
 928 0144 0A       		.uleb128 0xa
 929 0145 9742     		.uleb128 0x2117
 930 0147 0C       		.uleb128 0xc
 931 0148 01       		.uleb128 0x1
 932 0149 13       		.uleb128 0x13
 933 014a 00       		.byte	0
 934 014b 00       		.byte	0
 935 014c 18       		.uleb128 0x18
 936 014d 34       		.uleb128 0x34
 937 014e 00       		.byte	0
 938 014f 03       		.uleb128 0x3
 939 0150 0E       		.uleb128 0xe
 940 0151 3A       		.uleb128 0x3a
 941 0152 0B       		.uleb128 0xb
 942 0153 3B       		.uleb128 0x3b
 943 0154 0B       		.uleb128 0xb
 944 0155 49       		.uleb128 0x49
 945 0156 13       		.uleb128 0x13
 946 0157 02       		.uleb128 0x2
 947 0158 06       		.uleb128 0x6
 948 0159 00       		.byte	0
 949 015a 00       		.byte	0
 950 015b 19       		.uleb128 0x19
 951 015c 34       		.uleb128 0x34
 952 015d 00       		.byte	0
ARM GAS  C:\Users\CNous\AppData\Local\Temp\ccmlrAUg.s 			page 21


 953 015e 03       		.uleb128 0x3
 954 015f 0E       		.uleb128 0xe
 955 0160 3A       		.uleb128 0x3a
 956 0161 0B       		.uleb128 0xb
 957 0162 3B       		.uleb128 0x3b
 958 0163 05       		.uleb128 0x5
 959 0164 49       		.uleb128 0x49
 960 0165 13       		.uleb128 0x13
 961 0166 3F       		.uleb128 0x3f
 962 0167 0C       		.uleb128 0xc
 963 0168 3C       		.uleb128 0x3c
 964 0169 0C       		.uleb128 0xc
 965 016a 00       		.byte	0
 966 016b 00       		.byte	0
 967 016c 1A       		.uleb128 0x1a
 968 016d 2E       		.uleb128 0x2e
 969 016e 01       		.byte	0x1
 970 016f 3F       		.uleb128 0x3f
 971 0170 0C       		.uleb128 0xc
 972 0171 03       		.uleb128 0x3
 973 0172 0E       		.uleb128 0xe
 974 0173 3A       		.uleb128 0x3a
 975 0174 0B       		.uleb128 0xb
 976 0175 3B       		.uleb128 0x3b
 977 0176 05       		.uleb128 0x5
 978 0177 27       		.uleb128 0x27
 979 0178 0C       		.uleb128 0xc
 980 0179 3C       		.uleb128 0x3c
 981 017a 0C       		.uleb128 0xc
 982 017b 00       		.byte	0
 983 017c 00       		.byte	0
 984 017d 1B       		.uleb128 0x1b
 985 017e 05       		.uleb128 0x5
 986 017f 00       		.byte	0
 987 0180 49       		.uleb128 0x49
 988 0181 13       		.uleb128 0x13
 989 0182 00       		.byte	0
 990 0183 00       		.byte	0
 991 0184 00       		.byte	0
 992              		.section	.debug_loc,"",%progbits
 993              	.Ldebug_loc0:
 994              	.LLST0:
 995 0000 00000000 		.4byte	.LFB110
 996 0004 02000000 		.4byte	.LCFI0
 997 0008 0200     		.2byte	0x2
 998 000a 7D       		.byte	0x7d
 999 000b 00       		.sleb128 0
 1000 000c 02000000 		.4byte	.LCFI0
 1001 0010 1A000000 		.4byte	.LFE110
 1002 0014 0200     		.2byte	0x2
 1003 0016 7D       		.byte	0x7d
 1004 0017 08       		.sleb128 8
 1005 0018 00000000 		.4byte	0
 1006 001c 00000000 		.4byte	0
 1007              	.LLST1:
 1008 0020 00000000 		.4byte	.LFB112
 1009 0024 12000000 		.4byte	.LCFI1
ARM GAS  C:\Users\CNous\AppData\Local\Temp\ccmlrAUg.s 			page 22


 1010 0028 0200     		.2byte	0x2
 1011 002a 7D       		.byte	0x7d
 1012 002b 00       		.sleb128 0
 1013 002c 12000000 		.4byte	.LCFI1
 1014 0030 38000000 		.4byte	.LFE112
 1015 0034 0200     		.2byte	0x2
 1016 0036 7D       		.byte	0x7d
 1017 0037 08       		.sleb128 8
 1018 0038 00000000 		.4byte	0
 1019 003c 00000000 		.4byte	0
 1020              	.LLST2:
 1021 0040 00000000 		.4byte	.LVL3
 1022 0044 2E000000 		.4byte	.LVL8
 1023 0048 0100     		.2byte	0x1
 1024 004a 50       		.byte	0x50
 1025 004b 2E000000 		.4byte	.LVL8
 1026 004f 38000000 		.4byte	.LFE112
 1027 0053 0400     		.2byte	0x4
 1028 0055 F3       		.byte	0xf3
 1029 0056 01       		.uleb128 0x1
 1030 0057 50       		.byte	0x50
 1031 0058 9F       		.byte	0x9f
 1032 0059 00000000 		.4byte	0
 1033 005d 00000000 		.4byte	0
 1034              	.LLST3:
 1035 0061 00000000 		.4byte	.LVL3
 1036 0065 10000000 		.4byte	.LVL4
 1037 0069 0100     		.2byte	0x1
 1038 006b 51       		.byte	0x51
 1039 006c 10000000 		.4byte	.LVL4
 1040 0070 38000000 		.4byte	.LFE112
 1041 0074 0400     		.2byte	0x4
 1042 0076 F3       		.byte	0xf3
 1043 0077 01       		.uleb128 0x1
 1044 0078 51       		.byte	0x51
 1045 0079 9F       		.byte	0x9f
 1046 007a 00000000 		.4byte	0
 1047 007e 00000000 		.4byte	0
 1048              	.LLST4:
 1049 0082 00000000 		.4byte	.LVL3
 1050 0086 14000000 		.4byte	.LVL5
 1051 008a 0200     		.2byte	0x2
 1052 008c 30       		.byte	0x30
 1053 008d 9F       		.byte	0x9f
 1054 008e 14000000 		.4byte	.LVL5
 1055 0092 1E000000 		.4byte	.LVL6
 1056 0096 0500     		.2byte	0x5
 1057 0098 3F       		.byte	0x3f
 1058 0099 71       		.byte	0x71
 1059 009a 00       		.sleb128 0
 1060 009b 24       		.byte	0x24
 1061 009c 9F       		.byte	0x9f
 1062 009d 1E000000 		.4byte	.LVL6
 1063 00a1 22000000 		.4byte	.LVL7
 1064 00a5 0100     		.2byte	0x1
 1065 00a7 54       		.byte	0x54
 1066 00a8 22000000 		.4byte	.LVL7
ARM GAS  C:\Users\CNous\AppData\Local\Temp\ccmlrAUg.s 			page 23


 1067 00ac 38000000 		.4byte	.LFE112
 1068 00b0 0500     		.2byte	0x5
 1069 00b2 3F       		.byte	0x3f
 1070 00b3 71       		.byte	0x71
 1071 00b4 00       		.sleb128 0
 1072 00b5 24       		.byte	0x24
 1073 00b6 9F       		.byte	0x9f
 1074 00b7 00000000 		.4byte	0
 1075 00bb 00000000 		.4byte	0
 1076              	.LLST5:
 1077 00bf 00000000 		.4byte	.LVL11
 1078 00c3 0A000000 		.4byte	.LVL12
 1079 00c7 0200     		.2byte	0x2
 1080 00c9 30       		.byte	0x30
 1081 00ca 9F       		.byte	0x9f
 1082 00cb 0A000000 		.4byte	.LVL12
 1083 00cf 0E000000 		.4byte	.LVL13
 1084 00d3 0900     		.2byte	0x9
 1085 00d5 70       		.byte	0x70
 1086 00d6 00       		.sleb128 0
 1087 00d7 0A       		.byte	0xa
 1088 00d8 0001     		.2byte	0x100
 1089 00da 1A       		.byte	0x1a
 1090 00db 30       		.byte	0x30
 1091 00dc 2E       		.byte	0x2e
 1092 00dd 9F       		.byte	0x9f
 1093 00de 00000000 		.4byte	0
 1094 00e2 00000000 		.4byte	0
 1095              		.section	.debug_aranges,"",%progbits
 1096 0000 44000000 		.4byte	0x44
 1097 0004 0200     		.2byte	0x2
 1098 0006 00000000 		.4byte	.Ldebug_info0
 1099 000a 04       		.byte	0x4
 1100 000b 00       		.byte	0
 1101 000c 0000     		.2byte	0
 1102 000e 0000     		.2byte	0
 1103 0010 00000000 		.4byte	.LFB110
 1104 0014 1A000000 		.4byte	.LFE110-.LFB110
 1105 0018 00000000 		.4byte	.LFB111
 1106 001c 0C000000 		.4byte	.LFE111-.LFB111
 1107 0020 00000000 		.4byte	.LFB112
 1108 0024 38000000 		.4byte	.LFE112-.LFB112
 1109 0028 00000000 		.4byte	.LFB113
 1110 002c 0A000000 		.4byte	.LFE113-.LFB113
 1111 0030 00000000 		.4byte	.LFB114
 1112 0034 0C000000 		.4byte	.LFE114-.LFB114
 1113 0038 00000000 		.4byte	.LFB115
 1114 003c 10000000 		.4byte	.LFE115-.LFB115
 1115 0040 00000000 		.4byte	0
 1116 0044 00000000 		.4byte	0
 1117              		.section	.debug_ranges,"",%progbits
 1118              	.Ldebug_ranges0:
 1119 0000 00000000 		.4byte	.LFB110
 1120 0004 1A000000 		.4byte	.LFE110
 1121 0008 00000000 		.4byte	.LFB111
 1122 000c 0C000000 		.4byte	.LFE111
 1123 0010 00000000 		.4byte	.LFB112
ARM GAS  C:\Users\CNous\AppData\Local\Temp\ccmlrAUg.s 			page 24


 1124 0014 38000000 		.4byte	.LFE112
 1125 0018 00000000 		.4byte	.LFB113
 1126 001c 0A000000 		.4byte	.LFE113
 1127 0020 00000000 		.4byte	.LFB114
 1128 0024 0C000000 		.4byte	.LFE114
 1129 0028 00000000 		.4byte	.LFB115
 1130 002c 10000000 		.4byte	.LFE115
 1131 0030 00000000 		.4byte	0
 1132 0034 00000000 		.4byte	0
 1133              		.section	.debug_line,"",%progbits
 1134              	.Ldebug_line0:
 1135 0000 71010000 		.section	.debug_str,"MS",%progbits,1
 1135      0200F500 
 1135      00000201 
 1135      FB0E0D00 
 1135      01010101 
 1136              	.LASF29:
 1137 0000 53595343 		.ascii	"SYSCFG_ETH_MediaInterfaceConfig\000"
 1137      46475F45 
 1137      54485F4D 
 1137      65646961 
 1137      496E7465 
 1138              	.LASF31:
 1139 0020 53595343 		.ascii	"SYSCFG_CompensationCellCmd\000"
 1139      46475F43 
 1139      6F6D7065 
 1139      6E736174 
 1139      696F6E43 
 1140              	.LASF3:
 1141 003b 73686F72 		.ascii	"short unsigned int\000"
 1141      7420756E 
 1141      7369676E 
 1141      65642069 
 1141      6E7400
 1142              	.LASF37:
 1143 004e 53595343 		.ascii	"SYSCFG_GetCompensationCellStatus\000"
 1143      46475F47 
 1143      6574436F 
 1143      6D70656E 
 1143      73617469 
 1144              	.LASF17:
 1145 006f 46756E63 		.ascii	"FunctionalState\000"
 1145      74696F6E 
 1145      616C5374 
 1145      61746500 
 1146              	.LASF23:
 1147 007f 53595343 		.ascii	"SYSCFG_DeInit\000"
 1147      46475F44 
 1147      65496E69 
 1147      7400
 1148              	.LASF16:
 1149 008d 454E4142 		.ascii	"ENABLE\000"
 1149      4C4500
 1150              	.LASF25:
 1151 0094 53595343 		.ascii	"SYSCFG_EXTILineConfig\000"
 1151      46475F45 
 1151      5854494C 
ARM GAS  C:\Users\CNous\AppData\Local\Temp\ccmlrAUg.s 			page 25


 1151      696E6543 
 1151      6F6E6669 
 1152              	.LASF21:
 1153 00aa 434D5043 		.ascii	"CMPCR\000"
 1153      5200
 1154              	.LASF1:
 1155 00b0 756E7369 		.ascii	"unsigned char\000"
 1155      676E6564 
 1155      20636861 
 1155      7200
 1156              	.LASF14:
 1157 00be 466C6167 		.ascii	"FlagStatus\000"
 1157      53746174 
 1157      757300
 1158              	.LASF35:
 1159 00c9 636D7369 		.ascii	"cmsis/device/stm32f4xx_syscfg.c\000"
 1159      732F6465 
 1159      76696365 
 1159      2F73746D 
 1159      33326634 
 1160              	.LASF8:
 1161 00e9 6C6F6E67 		.ascii	"long unsigned int\000"
 1161      20756E73 
 1161      69676E65 
 1161      6420696E 
 1161      7400
 1162              	.LASF18:
 1163 00fb 4D454D52 		.ascii	"MEMRMP\000"
 1163      4D5000
 1164              	.LASF39:
 1165 0102 5243435F 		.ascii	"RCC_APB2PeriphResetCmd\000"
 1165      41504232 
 1165      50657269 
 1165      70685265 
 1165      73657443 
 1166              	.LASF7:
 1167 0119 75696E74 		.ascii	"uint32_t\000"
 1167      33325F74 
 1167      00
 1168              	.LASF15:
 1169 0122 44495341 		.ascii	"DISABLE\000"
 1169      424C4500 
 1170              	.LASF38:
 1171 012a 49544D5F 		.ascii	"ITM_RxBuffer\000"
 1171      52784275 
 1171      66666572 
 1171      00
 1172              	.LASF34:
 1173 0137 474E5520 		.ascii	"GNU C 4.7.3 20121207 (release) [ARM/embedded-4_7-br"
 1173      4320342E 
 1173      372E3320 
 1173      32303132 
 1173      31323037 
 1174 016a 616E6368 		.ascii	"anch revision 194305]\000"
 1174      20726576 
 1174      6973696F 
 1174      6E203139 
ARM GAS  C:\Users\CNous\AppData\Local\Temp\ccmlrAUg.s 			page 26


 1174      34333035 
 1175              	.LASF30:
 1176 0180 53595343 		.ascii	"SYSCFG_ETH_MediaInterface\000"
 1176      46475F45 
 1176      54485F4D 
 1176      65646961 
 1176      496E7465 
 1177              	.LASF20:
 1178 019a 52455345 		.ascii	"RESERVED\000"
 1178      52564544 
 1178      00
 1179              	.LASF19:
 1180 01a3 45585449 		.ascii	"EXTICR\000"
 1180      435200
 1181              	.LASF11:
 1182 01aa 756E7369 		.ascii	"unsigned int\000"
 1182      676E6564 
 1182      20696E74 
 1182      00
 1183              	.LASF10:
 1184 01b7 6C6F6E67 		.ascii	"long long unsigned int\000"
 1184      206C6F6E 
 1184      6720756E 
 1184      7369676E 
 1184      65642069 
 1185              	.LASF4:
 1186 01ce 75696E74 		.ascii	"uint8_t\000"
 1186      385F7400 
 1187              	.LASF28:
 1188 01d6 45585449 		.ascii	"EXTI_PinSourcex\000"
 1188      5F50696E 
 1188      536F7572 
 1188      63657800 
 1189              	.LASF5:
 1190 01e6 696E7433 		.ascii	"int32_t\000"
 1190      325F7400 
 1191              	.LASF12:
 1192 01ee 73697A65 		.ascii	"sizetype\000"
 1192      74797065 
 1192      00
 1193              	.LASF9:
 1194 01f7 6C6F6E67 		.ascii	"long long int\000"
 1194      206C6F6E 
 1194      6720696E 
 1194      7400
 1195              	.LASF26:
 1196 0205 53595343 		.ascii	"SYSCFG_MemoryRemap\000"
 1196      46475F4D 
 1196      656D6F72 
 1196      7952656D 
 1196      617000
 1197              	.LASF2:
 1198 0218 73686F72 		.ascii	"short int\000"
 1198      7420696E 
 1198      7400
 1199              	.LASF32:
 1200 0222 4E657753 		.ascii	"NewState\000"
ARM GAS  C:\Users\CNous\AppData\Local\Temp\ccmlrAUg.s 			page 27


 1200      74617465 
 1200      00
 1201              	.LASF22:
 1202 022b 53595343 		.ascii	"SYSCFG_TypeDef\000"
 1202      46475F54 
 1202      79706544 
 1202      656600
 1203              	.LASF27:
 1204 023a 45585449 		.ascii	"EXTI_PortSourceGPIOx\000"
 1204      5F506F72 
 1204      74536F75 
 1204      72636547 
 1204      50494F78 
 1205              	.LASF36:
 1206 024f 433A5C78 		.ascii	"C:\\xav_dev\\eclipse\\ambiantiseur-make\000"
 1206      61765F64 
 1206      65765C65 
 1206      636C6970 
 1206      73655C61 
 1207              	.LASF6:
 1208 0274 6C6F6E67 		.ascii	"long int\000"
 1208      20696E74 
 1208      00
 1209              	.LASF0:
 1210 027d 7369676E 		.ascii	"signed char\000"
 1210      65642063 
 1210      68617200 
 1211              	.LASF33:
 1212 0289 62697473 		.ascii	"bitstatus\000"
 1212      74617475 
 1212      7300
 1213              	.LASF13:
 1214 0293 52455345 		.ascii	"RESET\000"
 1214      5400
 1215              	.LASF24:
 1216 0299 53595343 		.ascii	"SYSCFG_MemoryRemapConfig\000"
 1216      46475F4D 
 1216      656D6F72 
 1216      7952656D 
 1216      6170436F 
 1217              		.ident	"GCC: (GNU Tools for ARM Embedded Processors) 4.7.3 20121207 (release) [ARM/embedded-4_7-br
ARM GAS  C:\Users\CNous\AppData\Local\Temp\ccmlrAUg.s 			page 28


DEFINED SYMBOLS
                            *ABS*:00000000 stm32f4xx_syscfg.c
C:\Users\CNous\AppData\Local\Temp\ccmlrAUg.s:71     .text.SYSCFG_DeInit:00000000 $t
C:\Users\CNous\AppData\Local\Temp\ccmlrAUg.s:76     .text.SYSCFG_DeInit:00000000 SYSCFG_DeInit
C:\Users\CNous\AppData\Local\Temp\ccmlrAUg.s:105    .text.SYSCFG_MemoryRemapConfig:00000000 $t
C:\Users\CNous\AppData\Local\Temp\ccmlrAUg.s:110    .text.SYSCFG_MemoryRemapConfig:00000000 SYSCFG_MemoryRemapConfig
C:\Users\CNous\AppData\Local\Temp\ccmlrAUg.s:127    .text.SYSCFG_EXTILineConfig:00000000 $t
C:\Users\CNous\AppData\Local\Temp\ccmlrAUg.s:132    .text.SYSCFG_EXTILineConfig:00000000 SYSCFG_EXTILineConfig
C:\Users\CNous\AppData\Local\Temp\ccmlrAUg.s:180    .text.SYSCFG_ETH_MediaInterfaceConfig:00000000 $t
C:\Users\CNous\AppData\Local\Temp\ccmlrAUg.s:185    .text.SYSCFG_ETH_MediaInterfaceConfig:00000000 SYSCFG_ETH_MediaInterfaceConfig
C:\Users\CNous\AppData\Local\Temp\ccmlrAUg.s:202    .text.SYSCFG_CompensationCellCmd:00000000 $t
C:\Users\CNous\AppData\Local\Temp\ccmlrAUg.s:207    .text.SYSCFG_CompensationCellCmd:00000000 SYSCFG_CompensationCellCmd
C:\Users\CNous\AppData\Local\Temp\ccmlrAUg.s:224    .text.SYSCFG_GetCompensationCellStatus:00000000 $t
C:\Users\CNous\AppData\Local\Temp\ccmlrAUg.s:229    .text.SYSCFG_GetCompensationCellStatus:00000000 SYSCFG_GetCompensationCellStatus
                     .debug_frame:00000010 $d

UNDEFINED SYMBOLS
RCC_APB2PeriphResetCmd
