ARM GAS  C:\Users\CNous\AppData\Local\Temp\cc8jOocE.s 			page 1


   1              		.syntax unified
   2              		.cpu cortex-m4
   3              		.eabi_attribute 27, 3	@ Tag_ABI_HardFP_use
   4              		.eabi_attribute 28, 1	@ Tag_ABI_VFP_args
   5              		.fpu fpv4-sp-d16
   6              		.eabi_attribute 20, 1	@ Tag_ABI_FP_denormal
   7              		.eabi_attribute 21, 1	@ Tag_ABI_FP_exceptions
   8              		.eabi_attribute 23, 3	@ Tag_ABI_FP_number_model
   9              		.eabi_attribute 24, 1	@ Tag_ABI_align8_needed
  10              		.eabi_attribute 25, 1	@ Tag_ABI_align8_preserved
  11              		.eabi_attribute 26, 1	@ Tag_ABI_enum_size
  12              		.eabi_attribute 30, 2	@ Tag_ABI_optimization_goals
  13              		.eabi_attribute 34, 1	@ Tag_CPU_unaligned_access
  14              		.eabi_attribute 18, 4	@ Tag_ABI_PCS_wchar_t
  15              		.file	"pitchTables.c"
  16              	@ GNU C (GNU Tools for ARM Embedded Processors) version 4.7.3 20121207 (release) [ARM/embedded-4_7-
  17              	@	compiled by GNU C version 4.2.1-sjlj (mingw32-2), GMP version 4.3.2, MPFR version 2.4.2, MPC vers
  18              	@ GGC heuristics: --param ggc-min-expand=100 --param ggc-min-heapsize=131072
  19              	@ options passed:  -I . -I ./inc -I ./cmsis/core -I ./cmsis/device
  20              	@ -imultilib armv7e-m/fpu
  21              	@ -iprefix c:\gnutoolsarmembedded\4.7-2012q4\bin\../lib/gcc/arm-none-eabi/4.7.3/
  22              	@ -isysroot c:\gnutoolsarmembedded\4.7-2012q4\bin\../arm-none-eabi
  23              	@ -MD src/pitchTables.d -MF .dep/pitchTables.o.d -MP -MQ src/pitchTables.o
  24              	@ -D__USES_INITFINI__ -D __FPU_USED=1 -D __arm__ -D __ASSEMBLY__
  25              	@ -D USE_STDPERIPH_DRIVER -D STM32F4XX -D HSE_VALUE=8000000
  26              	@ -D __FPU_PRESENT=1 -D STM32F407VG -D RUN_FROM_FLASH=1 src/pitchTables.c
  27              	@ -mthumb -mcpu=cortex-m4 -mfloat-abi=hard -mfpu=fpv4-sp-d16
  28              	@ -auxbase-strip src/pitchTables.o -gdwarf-2 -O2 -Wall -Wstrict-prototypes
  29              	@ -fverbose-asm -ffunction-sections -fdata-sections
  30              	@ options enabled:  -fauto-inc-dec -fbranch-count-reg -fcaller-saves
  31              	@ -fcombine-stack-adjustments -fcommon -fcompare-elim -fcprop-registers
  32              	@ -fcrossjumping -fcse-follow-jumps -fdata-sections -fdebug-types-section
  33              	@ -fdefer-pop -fdelete-null-pointer-checks -fdevirtualize -fdwarf2-cfi-asm
  34              	@ -fearly-inlining -feliminate-unused-debug-types -fexpensive-optimizations
  35              	@ -fforward-propagate -ffunction-cse -ffunction-sections -fgcse -fgcse-lm
  36              	@ -fgnu-runtime -fguess-branch-probability -fident -fif-conversion
  37              	@ -fif-conversion2 -findirect-inlining -finline -finline-atomics
  38              	@ -finline-functions-called-once -finline-small-functions -fipa-cp
  39              	@ -fipa-profile -fipa-pure-const -fipa-reference -fipa-sra
  40              	@ -fira-share-save-slots -fira-share-spill-slots -fivopts
  41              	@ -fkeep-static-consts -fleading-underscore -fmath-errno -fmerge-constants
  42              	@ -fmerge-debug-strings -fmove-loop-invariants -fomit-frame-pointer
  43              	@ -foptimize-register-move -foptimize-sibling-calls -foptimize-strlen
  44              	@ -fpartial-inlining -fpeephole -fpeephole2 -fprefetch-loop-arrays
  45              	@ -freg-struct-return -fregmove -frename-registers -freorder-blocks
  46              	@ -freorder-functions -frerun-cse-after-loop
  47              	@ -fsched-critical-path-heuristic -fsched-dep-count-heuristic
  48              	@ -fsched-group-heuristic -fsched-interblock -fsched-last-insn-heuristic
  49              	@ -fsched-rank-heuristic -fsched-spec -fsched-spec-insn-heuristic
  50              	@ -fsched-stalled-insns-dep -fschedule-insns -fschedule-insns2
  51              	@ -fsection-anchors -fshow-column -fshrink-wrap -fsigned-zeros
  52              	@ -fsplit-ivs-in-unroller -fsplit-wide-types -fstrict-aliasing
  53              	@ -fstrict-overflow -fstrict-volatile-bitfields -fthread-jumps
  54              	@ -ftoplevel-reorder -ftrapping-math -ftree-bit-ccp -ftree-builtin-call-dce
  55              	@ -ftree-ccp -ftree-ch -ftree-copy-prop -ftree-copyrename -ftree-cselim
  56              	@ -ftree-dce -ftree-dominator-opts -ftree-dse -ftree-forwprop -ftree-fre
  57              	@ -ftree-loop-if-convert -ftree-loop-im -ftree-loop-ivcanon
ARM GAS  C:\Users\CNous\AppData\Local\Temp\cc8jOocE.s 			page 2


  58              	@ -ftree-loop-optimize -ftree-parallelize-loops= -ftree-phiprop -ftree-pre
  59              	@ -ftree-pta -ftree-reassoc -ftree-scev-cprop -ftree-sink
  60              	@ -ftree-slp-vectorize -ftree-sra -ftree-switch-conversion
  61              	@ -ftree-tail-merge -ftree-ter -ftree-vect-loop-version -ftree-vrp
  62              	@ -funit-at-a-time -funroll-loops -fvar-tracking -fvar-tracking-assignments
  63              	@ -fverbose-asm -fweb -fzero-initialized-in-bss -mlittle-endian
  64              	@ -msched-prolog -mthumb -munaligned-access -mvectorize-with-neon-quad
  65              	
  66              		.text
  67              	.Ltext0:
  68              		.cfi_sections	.debug_frame
  69              		.global	scale8
  70              		.global	scale7
  71              		.global	scale6
  72              		.global	scale5
  73              		.global	scale4
  74              		.global	scale3
  75              		.global	scale2
  76              		.global	scale1
  77              		.global	MIDINOTES_FREQ_LUT
  78              		.section	.rodata.MIDINOTES_FREQ_LUT,"a",%progbits
  79              		.align	2
  80              		.type	MIDINOTES_FREQ_LUT, %object
  81              		.size	MIDINOTES_FREQ_LUT, 256
  82              	MIDINOTES_FREQ_LUT:
  83 0000 0800     		.short	8
  84 0002 0900     		.short	9
  85 0004 0900     		.short	9
  86 0006 0A00     		.short	10
  87 0008 0A00     		.short	10
  88 000a 0B00     		.short	11
  89 000c 0C00     		.short	12
  90 000e 0C00     		.short	12
  91 0010 0D00     		.short	13
  92 0012 0E00     		.short	14
  93 0014 0F00     		.short	15
  94 0016 0F00     		.short	15
  95 0018 1000     		.short	16
  96 001a 1100     		.short	17
  97 001c 1200     		.short	18
  98 001e 1300     		.short	19
  99 0020 1500     		.short	21
 100 0022 1600     		.short	22
 101 0024 1700     		.short	23
 102 0026 1800     		.short	24
 103 0028 1A00     		.short	26
 104 002a 1C00     		.short	28
 105 002c 1D00     		.short	29
 106 002e 1F00     		.short	31
 107 0030 2100     		.short	33
 108 0032 2300     		.short	35
 109 0034 2500     		.short	37
 110 0036 2700     		.short	39
 111 0038 2900     		.short	41
 112 003a 2C00     		.short	44
 113 003c 2E00     		.short	46
 114 003e 3100     		.short	49
ARM GAS  C:\Users\CNous\AppData\Local\Temp\cc8jOocE.s 			page 3


 115 0040 3400     		.short	52
 116 0042 3700     		.short	55
 117 0044 3A00     		.short	58
 118 0046 3E00     		.short	62
 119 0048 4100     		.short	65
 120 004a 4500     		.short	69
 121 004c 4900     		.short	73
 122 004e 4E00     		.short	78
 123 0050 5200     		.short	82
 124 0052 5700     		.short	87
 125 0054 5C00     		.short	92
 126 0056 6200     		.short	98
 127 0058 6800     		.short	104
 128 005a 6E00     		.short	110
 129 005c 7500     		.short	117
 130 005e 7B00     		.short	123
 131 0060 8300     		.short	131
 132 0062 8B00     		.short	139
 133 0064 9300     		.short	147
 134 0066 9C00     		.short	156
 135 0068 A500     		.short	165
 136 006a AF00     		.short	175
 137 006c B900     		.short	185
 138 006e C400     		.short	196
 139 0070 D000     		.short	208
 140 0072 DC00     		.short	220
 141 0074 E900     		.short	233
 142 0076 F700     		.short	247
 143 0078 0601     		.short	262
 144 007a 1501     		.short	277
 145 007c 2601     		.short	294
 146 007e 3701     		.short	311
 147 0080 4A01     		.short	330
 148 0082 5D01     		.short	349
 149 0084 7201     		.short	370
 150 0086 8801     		.short	392
 151 0088 9F01     		.short	415
 152 008a B801     		.short	440
 153 008c D201     		.short	466
 154 008e EE01     		.short	494
 155 0090 0B02     		.short	523
 156 0092 2A02     		.short	554
 157 0094 4B02     		.short	587
 158 0096 6E02     		.short	622
 159 0098 9302     		.short	659
 160 009a BA02     		.short	698
 161 009c E402     		.short	740
 162 009e 1003     		.short	784
 163 00a0 3F03     		.short	831
 164 00a2 7003     		.short	880
 165 00a4 A403     		.short	932
 166 00a6 DC03     		.short	988
 167 00a8 1704     		.short	1047
 168 00aa 5504     		.short	1109
 169 00ac 9704     		.short	1175
 170 00ae DD04     		.short	1245
 171 00b0 2705     		.short	1319
ARM GAS  C:\Users\CNous\AppData\Local\Temp\cc8jOocE.s 			page 4


 172 00b2 7505     		.short	1397
 173 00b4 C805     		.short	1480
 174 00b6 2006     		.short	1568
 175 00b8 7D06     		.short	1661
 176 00ba E006     		.short	1760
 177 00bc 4907     		.short	1865
 178 00be B807     		.short	1976
 179 00c0 2D08     		.short	2093
 180 00c2 A908     		.short	2217
 181 00c4 2D09     		.short	2349
 182 00c6 B909     		.short	2489
 183 00c8 4D0A     		.short	2637
 184 00ca EA0A     		.short	2794
 185 00cc 900B     		.short	2960
 186 00ce 400C     		.short	3136
 187 00d0 FA0C     		.short	3322
 188 00d2 C00D     		.short	3520
 189 00d4 910E     		.short	3729
 190 00d6 6F0F     		.short	3951
 191 00d8 5A10     		.short	4186
 192 00da 5311     		.short	4435
 193 00dc 5B12     		.short	4699
 194 00de 7213     		.short	4978
 195 00e0 9A14     		.short	5274
 196 00e2 D415     		.short	5588
 197 00e4 2017     		.short	5920
 198 00e6 8018     		.short	6272
 199 00e8 F519     		.short	6645
 200 00ea 801B     		.short	7040
 201 00ec 231D     		.short	7459
 202 00ee DE1E     		.short	7902
 203 00f0 B420     		.short	8372
 204 00f2 A622     		.short	8870
 205 00f4 B524     		.short	9397
 206 00f6 E426     		.short	9956
 207 00f8 3429     		.short	10548
 208 00fa A72B     		.short	11175
 209 00fc 402E     		.short	11840
 210 00fe 0031     		.short	12544
 211              		.section	.rodata.scale1,"a",%progbits
 212              		.align	2
 213              		.type	scale1, %object
 214              		.size	scale1, 78
 215              	scale1:
 216 0000 4100     		.short	65
 217 0002 4900     		.short	73
 218 0004 5200     		.short	82
 219 0006 6200     		.short	98
 220 0008 6E00     		.short	110
 221 000a 8300     		.short	131
 222 000c 9300     		.short	147
 223 000e A500     		.short	165
 224 0010 C400     		.short	196
 225 0012 DC00     		.short	220
 226 0014 0601     		.short	262
 227 0016 2601     		.short	294
 228 0018 4A01     		.short	330
ARM GAS  C:\Users\CNous\AppData\Local\Temp\cc8jOocE.s 			page 5


 229 001a 8801     		.short	392
 230 001c B801     		.short	440
 231 001e 0B02     		.short	523
 232 0020 4B02     		.short	587
 233 0022 9302     		.short	659
 234 0024 1003     		.short	784
 235 0026 7003     		.short	880
 236 0028 1704     		.short	1047
 237 002a 9704     		.short	1175
 238 002c 2705     		.short	1319
 239 002e 2006     		.short	1568
 240 0030 E006     		.short	1760
 241 0032 2D08     		.short	2093
 242 0034 2D09     		.short	2349
 243 0036 4D0A     		.short	2637
 244 0038 400C     		.short	3136
 245 003a C00D     		.short	3520
 246 003c 5A10     		.short	4186
 247 003e 5B12     		.short	4699
 248 0040 9A14     		.short	5274
 249 0042 8018     		.short	6272
 250 0044 801B     		.short	7040
 251 0046 B420     		.short	8372
 252 0048 B524     		.short	9397
 253 004a 3429     		.short	10548
 254 004c 0031     		.short	12544
 255 004e 0000     		.section	.rodata.scale2,"a",%progbits
 256              		.align	2
 257              		.type	scale2, %object
 258              		.size	scale2, 94
 259              	scale2:
 260 0000 4100     		.short	65
 261 0002 4900     		.short	73
 262 0004 4E00     		.short	78
 263 0006 5C00     		.short	92
 264 0008 6200     		.short	98
 265 000a 6E00     		.short	110
 266 000c 8300     		.short	131
 267 000e 9300     		.short	147
 268 0010 9C00     		.short	156
 269 0012 B900     		.short	185
 270 0014 C400     		.short	196
 271 0016 DC00     		.short	220
 272 0018 0601     		.short	262
 273 001a 2601     		.short	294
 274 001c 3701     		.short	311
 275 001e 7201     		.short	370
 276 0020 8801     		.short	392
 277 0022 B801     		.short	440
 278 0024 0B02     		.short	523
 279 0026 4B02     		.short	587
 280 0028 6E02     		.short	622
 281 002a E402     		.short	740
 282 002c 1003     		.short	784
 283 002e 7003     		.short	880
 284 0030 1704     		.short	1047
 285 0032 9704     		.short	1175
ARM GAS  C:\Users\CNous\AppData\Local\Temp\cc8jOocE.s 			page 6


 286 0034 DD04     		.short	1245
 287 0036 C805     		.short	1480
 288 0038 2006     		.short	1568
 289 003a E006     		.short	1760
 290 003c 2D08     		.short	2093
 291 003e 2D09     		.short	2349
 292 0040 B909     		.short	2489
 293 0042 900B     		.short	2960
 294 0044 400C     		.short	3136
 295 0046 C00D     		.short	3520
 296 0048 5A10     		.short	4186
 297 004a 5B12     		.short	4699
 298 004c 7213     		.short	4978
 299 004e 2017     		.short	5920
 300 0050 8018     		.short	6272
 301 0052 801B     		.short	7040
 302 0054 B420     		.short	8372
 303 0056 B524     		.short	9397
 304 0058 E426     		.short	9956
 305 005a 402E     		.short	11840
 306 005c 0031     		.short	12544
 307 005e 0000     		.section	.rodata.scale3,"a",%progbits
 308              		.align	2
 309              		.type	scale3, %object
 310              		.size	scale3, 36
 311              	scale3:
 312 0000 0601     		.short	262
 313 0002 2601     		.short	294
 314 0004 4A01     		.short	330
 315 0006 5D01     		.short	349
 316 0008 8801     		.short	392
 317 000a B801     		.short	440
 318 000c 0B02     		.short	523
 319 000e 4B02     		.short	587
 320 0010 9302     		.short	659
 321 0012 BA02     		.short	698
 322 0014 1003     		.short	784
 323 0016 7003     		.short	880
 324 0018 1704     		.short	1047
 325 001a 9704     		.short	1175
 326 001c 2705     		.short	1319
 327 001e 7505     		.short	1397
 328 0020 2006     		.short	1568
 329 0022 E006     		.short	1760
 330              		.section	.rodata.scale4,"a",%progbits
 331              		.align	2
 332              		.type	scale4, %object
 333              		.size	scale4, 24
 334              	scale4:
 335 0000 0601     		.short	262
 336 0002 2601     		.short	294
 337 0004 5D01     		.short	349
 338 0006 B801     		.short	440
 339 0008 0B02     		.short	523
 340 000a 4B02     		.short	587
 341 000c BA02     		.short	698
 342 000e 7003     		.short	880
ARM GAS  C:\Users\CNous\AppData\Local\Temp\cc8jOocE.s 			page 7


 343 0010 1704     		.short	1047
 344 0012 9704     		.short	1175
 345 0014 7505     		.short	1397
 346 0016 E006     		.short	1760
 347              		.section	.rodata.scale5,"a",%progbits
 348              		.align	2
 349              		.type	scale5, %object
 350              		.size	scale5, 84
 351              	scale5:
 352 0000 4500     		.short	69
 353 0002 4E00     		.short	78
 354 0004 5700     		.short	87
 355 0006 6200     		.short	98
 356 0008 6E00     		.short	110
 357 000a 7B00     		.short	123
 358 000c 8B00     		.short	139
 359 000e 9C00     		.short	156
 360 0010 AF00     		.short	175
 361 0012 C400     		.short	196
 362 0014 DC00     		.short	220
 363 0016 F700     		.short	247
 364 0018 1501     		.short	277
 365 001a 3701     		.short	311
 366 001c 5D01     		.short	349
 367 001e 8801     		.short	392
 368 0020 B801     		.short	440
 369 0022 EE01     		.short	494
 370 0024 2A02     		.short	554
 371 0026 6E02     		.short	622
 372 0028 BA02     		.short	698
 373 002a 1003     		.short	784
 374 002c 7003     		.short	880
 375 002e DC03     		.short	988
 376 0030 5504     		.short	1109
 377 0032 DD04     		.short	1245
 378 0034 7505     		.short	1397
 379 0036 2006     		.short	1568
 380 0038 E006     		.short	1760
 381 003a B807     		.short	1976
 382 003c A908     		.short	2217
 383 003e B909     		.short	2489
 384 0040 EA0A     		.short	2794
 385 0042 400C     		.short	3136
 386 0044 C00D     		.short	3520
 387 0046 6F0F     		.short	3951
 388 0048 5311     		.short	4435
 389 004a 7213     		.short	4978
 390 004c D415     		.short	5588
 391 004e 8018     		.short	6272
 392 0050 801B     		.short	7040
 393 0052 DE1E     		.short	7902
 394              		.section	.rodata.scale6,"a",%progbits
 395              		.align	2
 396              		.type	scale6, %object
 397              		.size	scale6, 84
 398              	scale6:
 399 0000 8300     		.short	131
ARM GAS  C:\Users\CNous\AppData\Local\Temp\cc8jOocE.s 			page 8


 400 0002 9300     		.short	147
 401 0004 A500     		.short	165
 402 0006 AF00     		.short	175
 403 0008 D000     		.short	208
 404 000a DC00     		.short	220
 405 000c F700     		.short	247
 406 000e 0601     		.short	262
 407 0010 2601     		.short	294
 408 0012 4A01     		.short	330
 409 0014 5D01     		.short	349
 410 0016 9F01     		.short	415
 411 0018 B801     		.short	440
 412 001a EE01     		.short	494
 413 001c 0B02     		.short	523
 414 001e 4B02     		.short	587
 415 0020 9302     		.short	659
 416 0022 BA02     		.short	698
 417 0024 3F03     		.short	831
 418 0026 7003     		.short	880
 419 0028 DC03     		.short	988
 420 002a 1704     		.short	1047
 421 002c 9704     		.short	1175
 422 002e 2705     		.short	1319
 423 0030 7505     		.short	1397
 424 0032 7D06     		.short	1661
 425 0034 E006     		.short	1760
 426 0036 B807     		.short	1976
 427 0038 2D08     		.short	2093
 428 003a 2D09     		.short	2349
 429 003c 4D0A     		.short	2637
 430 003e EA0A     		.short	2794
 431 0040 FA0C     		.short	3322
 432 0042 C00D     		.short	3520
 433 0044 6F0F     		.short	3951
 434 0046 5A10     		.short	4186
 435 0048 5B12     		.short	4699
 436 004a 9A14     		.short	5274
 437 004c D415     		.short	5588
 438 004e F519     		.short	6645
 439 0050 801B     		.short	7040
 440 0052 DE1E     		.short	7902
 441              		.section	.rodata.scale7,"a",%progbits
 442              		.align	2
 443              		.type	scale7, %object
 444              		.size	scale7, 22
 445              	scale7:
 446 0000 6200     		.short	98
 447 0002 8300     		.short	131
 448 0004 C400     		.short	196
 449 0006 0601     		.short	262
 450 0008 8801     		.short	392
 451 000a 0B02     		.short	523
 452 000c 1003     		.short	784
 453 000e 1704     		.short	1047
 454 0010 2006     		.short	1568
 455 0012 2D08     		.short	2093
 456 0014 400C     		.short	3136
ARM GAS  C:\Users\CNous\AppData\Local\Temp\cc8jOocE.s 			page 9


 457 0016 0000     		.section	.rodata.scale8,"a",%progbits
 458              		.align	2
 459              		.type	scale8, %object
 460              		.size	scale8, 24
 461              	scale8:
 462 0000 4100     		.short	65
 463 0002 6E00     		.short	110
 464 0004 8300     		.short	131
 465 0006 DC00     		.short	220
 466 0008 0601     		.short	262
 467 000a B801     		.short	440
 468 000c 0B02     		.short	523
 469 000e 7003     		.short	880
 470 0010 1704     		.short	1047
 471 0012 E006     		.short	1760
 472 0014 2D08     		.short	2093
 473 0016 C00D     		.short	3520
 474              		.text
 475              	.Letext0:
 476              		.file 1 "c:\\gnutoolsarmembedded\\4.7-2012q4\\bin\\../lib/gcc/arm-none-eabi/4.7.3/../../../../arm-
 477              		.file 2 "./cmsis/core/core_cm4.h"
 478              		.file 3 "src/pitchTables.c"
 479              		.section	.debug_info,"",%progbits
 480              	.Ldebug_info0:
 481 0000 EB010000 		.4byte	0x1eb
 482 0004 0200     		.2byte	0x2
 483 0006 00000000 		.4byte	.Ldebug_abbrev0
 484 000a 04       		.byte	0x4
 485 000b 01       		.uleb128 0x1
 486 000c 41000000 		.4byte	.LASF26
 487 0010 01       		.byte	0x1
 488 0011 E6000000 		.4byte	.LASF27
 489 0015 9C000000 		.4byte	.LASF28
 490 0019 00000000 		.4byte	.Ldebug_line0
 491 001d 02       		.uleb128 0x2
 492 001e 01       		.byte	0x1
 493 001f 06       		.byte	0x6
 494 0020 3D010000 		.4byte	.LASF0
 495 0024 02       		.uleb128 0x2
 496 0025 01       		.byte	0x1
 497 0026 08       		.byte	0x8
 498 0027 D8000000 		.4byte	.LASF1
 499 002b 02       		.uleb128 0x2
 500 002c 02       		.byte	0x2
 501 002d 05       		.byte	0x5
 502 002e 79010000 		.4byte	.LASF2
 503 0032 02       		.uleb128 0x2
 504 0033 02       		.byte	0x2
 505 0034 07       		.byte	0x7
 506 0035 0E000000 		.4byte	.LASF3
 507 0039 03       		.uleb128 0x3
 508 003a 04       		.byte	0x4
 509 003b 05       		.byte	0x5
 510 003c 696E7400 		.ascii	"int\000"
 511 0040 02       		.uleb128 0x2
 512 0041 04       		.byte	0x4
 513 0042 07       		.byte	0x7
ARM GAS  C:\Users\CNous\AppData\Local\Temp\cc8jOocE.s 			page 10


 514 0043 21000000 		.4byte	.LASF4
 515 0047 02       		.uleb128 0x2
 516 0048 08       		.byte	0x8
 517 0049 05       		.byte	0x5
 518 004a 00000000 		.4byte	.LASF5
 519 004e 02       		.uleb128 0x2
 520 004f 08       		.byte	0x8
 521 0050 07       		.byte	0x7
 522 0051 C1000000 		.4byte	.LASF6
 523 0055 02       		.uleb128 0x2
 524 0056 04       		.byte	0x4
 525 0057 05       		.byte	0x5
 526 0058 04010000 		.4byte	.LASF7
 527 005c 02       		.uleb128 0x2
 528 005d 04       		.byte	0x4
 529 005e 07       		.byte	0x7
 530 005f 8B010000 		.4byte	.LASF8
 531 0063 02       		.uleb128 0x2
 532 0064 04       		.byte	0x4
 533 0065 07       		.byte	0x7
 534 0066 8A000000 		.4byte	.LASF9
 535 006a 02       		.uleb128 0x2
 536 006b 01       		.byte	0x1
 537 006c 08       		.byte	0x8
 538 006d F8000000 		.4byte	.LASF10
 539 0071 02       		.uleb128 0x2
 540 0072 08       		.byte	0x8
 541 0073 04       		.byte	0x4
 542 0074 14010000 		.4byte	.LASF11
 543 0078 02       		.uleb128 0x2
 544 0079 04       		.byte	0x4
 545 007a 04       		.byte	0x4
 546 007b 73010000 		.4byte	.LASF12
 547 007f 02       		.uleb128 0x2
 548 0080 08       		.byte	0x8
 549 0081 04       		.byte	0x4
 550 0082 49010000 		.4byte	.LASF13
 551 0086 04       		.uleb128 0x4
 552 0087 6A010000 		.4byte	.LASF14
 553 008b 01       		.byte	0x1
 554 008c 36       		.byte	0x36
 555 008d 32000000 		.4byte	0x32
 556 0091 04       		.uleb128 0x4
 557 0092 83010000 		.4byte	.LASF15
 558 0096 01       		.byte	0x1
 559 0097 4F       		.byte	0x4f
 560 0098 55000000 		.4byte	0x55
 561 009c 05       		.uleb128 0x5
 562 009d 91000000 		.4byte	0x91
 563 00a1 06       		.uleb128 0x6
 564 00a2 30010000 		.4byte	.LASF16
 565 00a6 02       		.byte	0x2
 566 00a7 1A05     		.2byte	0x51a
 567 00a9 9C000000 		.4byte	0x9c
 568 00ad 01       		.byte	0x1
 569 00ae 01       		.byte	0x1
 570 00af 07       		.uleb128 0x7
ARM GAS  C:\Users\CNous\AppData\Local\Temp\cc8jOocE.s 			page 11


 571 00b0 86000000 		.4byte	0x86
 572 00b4 BF000000 		.4byte	0xbf
 573 00b8 08       		.uleb128 0x8
 574 00b9 5C000000 		.4byte	0x5c
 575 00bd 7F       		.byte	0x7f
 576 00be 00       		.byte	0
 577 00bf 09       		.uleb128 0x9
 578 00c0 2E000000 		.4byte	.LASF17
 579 00c4 03       		.byte	0x3
 580 00c5 21       		.byte	0x21
 581 00c6 D1000000 		.4byte	0xd1
 582 00ca 01       		.byte	0x1
 583 00cb 05       		.byte	0x5
 584 00cc 03       		.byte	0x3
 585 00cd 00000000 		.4byte	MIDINOTES_FREQ_LUT
 586 00d1 0A       		.uleb128 0xa
 587 00d2 AF000000 		.4byte	0xaf
 588 00d6 07       		.uleb128 0x7
 589 00d7 86000000 		.4byte	0x86
 590 00db E6000000 		.4byte	0xe6
 591 00df 08       		.uleb128 0x8
 592 00e0 5C000000 		.4byte	0x5c
 593 00e4 26       		.byte	0x26
 594 00e5 00       		.byte	0
 595 00e6 09       		.uleb128 0x9
 596 00e7 22010000 		.4byte	.LASF18
 597 00eb 03       		.byte	0x3
 598 00ec 6E       		.byte	0x6e
 599 00ed F8000000 		.4byte	0xf8
 600 00f1 01       		.byte	0x1
 601 00f2 05       		.byte	0x5
 602 00f3 03       		.byte	0x3
 603 00f4 00000000 		.4byte	scale1
 604 00f8 0A       		.uleb128 0xa
 605 00f9 D6000000 		.4byte	0xd6
 606 00fd 07       		.uleb128 0x7
 607 00fe 86000000 		.4byte	0x86
 608 0102 0D010000 		.4byte	0x10d
 609 0106 08       		.uleb128 0x8
 610 0107 5C000000 		.4byte	0x5c
 611 010b 2E       		.byte	0x2e
 612 010c 00       		.byte	0
 613 010d 09       		.uleb128 0x9
 614 010e 29010000 		.4byte	.LASF19
 615 0112 03       		.byte	0x3
 616 0113 7B       		.byte	0x7b
 617 0114 1F010000 		.4byte	0x11f
 618 0118 01       		.byte	0x1
 619 0119 05       		.byte	0x5
 620 011a 03       		.byte	0x3
 621 011b 00000000 		.4byte	scale2
 622 011f 0A       		.uleb128 0xa
 623 0120 FD000000 		.4byte	0xfd
 624 0124 07       		.uleb128 0x7
 625 0125 86000000 		.4byte	0x86
 626 0129 34010000 		.4byte	0x134
 627 012d 08       		.uleb128 0x8
ARM GAS  C:\Users\CNous\AppData\Local\Temp\cc8jOocE.s 			page 12


 628 012e 5C000000 		.4byte	0x5c
 629 0132 11       		.byte	0x11
 630 0133 00       		.byte	0
 631 0134 09       		.uleb128 0x9
 632 0135 0D010000 		.4byte	.LASF20
 633 0139 03       		.byte	0x3
 634 013a 87       		.byte	0x87
 635 013b 46010000 		.4byte	0x146
 636 013f 01       		.byte	0x1
 637 0140 05       		.byte	0x5
 638 0141 03       		.byte	0x3
 639 0142 00000000 		.4byte	scale3
 640 0146 0A       		.uleb128 0xa
 641 0147 24010000 		.4byte	0x124
 642 014b 07       		.uleb128 0x7
 643 014c 86000000 		.4byte	0x86
 644 0150 5B010000 		.4byte	0x15b
 645 0154 08       		.uleb128 0x8
 646 0155 5C000000 		.4byte	0x5c
 647 0159 0B       		.byte	0xb
 648 015a 00       		.byte	0
 649 015b 09       		.uleb128 0x9
 650 015c FD000000 		.4byte	.LASF21
 651 0160 03       		.byte	0x3
 652 0161 8F       		.byte	0x8f
 653 0162 6D010000 		.4byte	0x16d
 654 0166 01       		.byte	0x1
 655 0167 05       		.byte	0x5
 656 0168 03       		.byte	0x3
 657 0169 00000000 		.4byte	scale4
 658 016d 0A       		.uleb128 0xa
 659 016e 4B010000 		.4byte	0x14b
 660 0172 07       		.uleb128 0x7
 661 0173 86000000 		.4byte	0x86
 662 0177 82010000 		.4byte	0x182
 663 017b 08       		.uleb128 0x8
 664 017c 5C000000 		.4byte	0x5c
 665 0180 29       		.byte	0x29
 666 0181 00       		.byte	0
 667 0182 09       		.uleb128 0x9
 668 0183 1B010000 		.4byte	.LASF22
 669 0187 03       		.byte	0x3
 670 0188 97       		.byte	0x97
 671 0189 94010000 		.4byte	0x194
 672 018d 01       		.byte	0x1
 673 018e 05       		.byte	0x5
 674 018f 03       		.byte	0x3
 675 0190 00000000 		.4byte	scale5
 676 0194 0A       		.uleb128 0xa
 677 0195 72010000 		.4byte	0x172
 678 0199 09       		.uleb128 0x9
 679 019a 55010000 		.4byte	.LASF23
 680 019e 03       		.byte	0x3
 681 019f A4       		.byte	0xa4
 682 01a0 AB010000 		.4byte	0x1ab
 683 01a4 01       		.byte	0x1
 684 01a5 05       		.byte	0x5
ARM GAS  C:\Users\CNous\AppData\Local\Temp\cc8jOocE.s 			page 13


 685 01a6 03       		.byte	0x3
 686 01a7 00000000 		.4byte	scale6
 687 01ab 0A       		.uleb128 0xa
 688 01ac 72010000 		.4byte	0x172
 689 01b0 07       		.uleb128 0x7
 690 01b1 86000000 		.4byte	0x86
 691 01b5 C0010000 		.4byte	0x1c0
 692 01b9 08       		.uleb128 0x8
 693 01ba 5C000000 		.4byte	0x5c
 694 01be 0A       		.byte	0xa
 695 01bf 00       		.byte	0
 696 01c0 09       		.uleb128 0x9
 697 01c1 5C010000 		.4byte	.LASF24
 698 01c5 03       		.byte	0x3
 699 01c6 B1       		.byte	0xb1
 700 01c7 D2010000 		.4byte	0x1d2
 701 01cb 01       		.byte	0x1
 702 01cc 05       		.byte	0x5
 703 01cd 03       		.byte	0x3
 704 01ce 00000000 		.4byte	scale7
 705 01d2 0A       		.uleb128 0xa
 706 01d3 B0010000 		.4byte	0x1b0
 707 01d7 09       		.uleb128 0x9
 708 01d8 63010000 		.4byte	.LASF25
 709 01dc 03       		.byte	0x3
 710 01dd B7       		.byte	0xb7
 711 01de E9010000 		.4byte	0x1e9
 712 01e2 01       		.byte	0x1
 713 01e3 05       		.byte	0x5
 714 01e4 03       		.byte	0x3
 715 01e5 00000000 		.4byte	scale8
 716 01e9 0A       		.uleb128 0xa
 717 01ea 4B010000 		.4byte	0x14b
 718 01ee 00       		.byte	0
 719              		.section	.debug_abbrev,"",%progbits
 720              	.Ldebug_abbrev0:
 721 0000 01       		.uleb128 0x1
 722 0001 11       		.uleb128 0x11
 723 0002 01       		.byte	0x1
 724 0003 25       		.uleb128 0x25
 725 0004 0E       		.uleb128 0xe
 726 0005 13       		.uleb128 0x13
 727 0006 0B       		.uleb128 0xb
 728 0007 03       		.uleb128 0x3
 729 0008 0E       		.uleb128 0xe
 730 0009 1B       		.uleb128 0x1b
 731 000a 0E       		.uleb128 0xe
 732 000b 10       		.uleb128 0x10
 733 000c 06       		.uleb128 0x6
 734 000d 00       		.byte	0
 735 000e 00       		.byte	0
 736 000f 02       		.uleb128 0x2
 737 0010 24       		.uleb128 0x24
 738 0011 00       		.byte	0
 739 0012 0B       		.uleb128 0xb
 740 0013 0B       		.uleb128 0xb
 741 0014 3E       		.uleb128 0x3e
ARM GAS  C:\Users\CNous\AppData\Local\Temp\cc8jOocE.s 			page 14


 742 0015 0B       		.uleb128 0xb
 743 0016 03       		.uleb128 0x3
 744 0017 0E       		.uleb128 0xe
 745 0018 00       		.byte	0
 746 0019 00       		.byte	0
 747 001a 03       		.uleb128 0x3
 748 001b 24       		.uleb128 0x24
 749 001c 00       		.byte	0
 750 001d 0B       		.uleb128 0xb
 751 001e 0B       		.uleb128 0xb
 752 001f 3E       		.uleb128 0x3e
 753 0020 0B       		.uleb128 0xb
 754 0021 03       		.uleb128 0x3
 755 0022 08       		.uleb128 0x8
 756 0023 00       		.byte	0
 757 0024 00       		.byte	0
 758 0025 04       		.uleb128 0x4
 759 0026 16       		.uleb128 0x16
 760 0027 00       		.byte	0
 761 0028 03       		.uleb128 0x3
 762 0029 0E       		.uleb128 0xe
 763 002a 3A       		.uleb128 0x3a
 764 002b 0B       		.uleb128 0xb
 765 002c 3B       		.uleb128 0x3b
 766 002d 0B       		.uleb128 0xb
 767 002e 49       		.uleb128 0x49
 768 002f 13       		.uleb128 0x13
 769 0030 00       		.byte	0
 770 0031 00       		.byte	0
 771 0032 05       		.uleb128 0x5
 772 0033 35       		.uleb128 0x35
 773 0034 00       		.byte	0
 774 0035 49       		.uleb128 0x49
 775 0036 13       		.uleb128 0x13
 776 0037 00       		.byte	0
 777 0038 00       		.byte	0
 778 0039 06       		.uleb128 0x6
 779 003a 34       		.uleb128 0x34
 780 003b 00       		.byte	0
 781 003c 03       		.uleb128 0x3
 782 003d 0E       		.uleb128 0xe
 783 003e 3A       		.uleb128 0x3a
 784 003f 0B       		.uleb128 0xb
 785 0040 3B       		.uleb128 0x3b
 786 0041 05       		.uleb128 0x5
 787 0042 49       		.uleb128 0x49
 788 0043 13       		.uleb128 0x13
 789 0044 3F       		.uleb128 0x3f
 790 0045 0C       		.uleb128 0xc
 791 0046 3C       		.uleb128 0x3c
 792 0047 0C       		.uleb128 0xc
 793 0048 00       		.byte	0
 794 0049 00       		.byte	0
 795 004a 07       		.uleb128 0x7
 796 004b 01       		.uleb128 0x1
 797 004c 01       		.byte	0x1
 798 004d 49       		.uleb128 0x49
ARM GAS  C:\Users\CNous\AppData\Local\Temp\cc8jOocE.s 			page 15


 799 004e 13       		.uleb128 0x13
 800 004f 01       		.uleb128 0x1
 801 0050 13       		.uleb128 0x13
 802 0051 00       		.byte	0
 803 0052 00       		.byte	0
 804 0053 08       		.uleb128 0x8
 805 0054 21       		.uleb128 0x21
 806 0055 00       		.byte	0
 807 0056 49       		.uleb128 0x49
 808 0057 13       		.uleb128 0x13
 809 0058 2F       		.uleb128 0x2f
 810 0059 0B       		.uleb128 0xb
 811 005a 00       		.byte	0
 812 005b 00       		.byte	0
 813 005c 09       		.uleb128 0x9
 814 005d 34       		.uleb128 0x34
 815 005e 00       		.byte	0
 816 005f 03       		.uleb128 0x3
 817 0060 0E       		.uleb128 0xe
 818 0061 3A       		.uleb128 0x3a
 819 0062 0B       		.uleb128 0xb
 820 0063 3B       		.uleb128 0x3b
 821 0064 0B       		.uleb128 0xb
 822 0065 49       		.uleb128 0x49
 823 0066 13       		.uleb128 0x13
 824 0067 3F       		.uleb128 0x3f
 825 0068 0C       		.uleb128 0xc
 826 0069 02       		.uleb128 0x2
 827 006a 0A       		.uleb128 0xa
 828 006b 00       		.byte	0
 829 006c 00       		.byte	0
 830 006d 0A       		.uleb128 0xa
 831 006e 26       		.uleb128 0x26
 832 006f 00       		.byte	0
 833 0070 49       		.uleb128 0x49
 834 0071 13       		.uleb128 0x13
 835 0072 00       		.byte	0
 836 0073 00       		.byte	0
 837 0074 00       		.byte	0
 838              		.section	.debug_aranges,"",%progbits
 839 0000 14000000 		.4byte	0x14
 840 0004 0200     		.2byte	0x2
 841 0006 00000000 		.4byte	.Ldebug_info0
 842 000a 04       		.byte	0x4
 843 000b 00       		.byte	0
 844 000c 0000     		.2byte	0
 845 000e 0000     		.2byte	0
 846 0010 00000000 		.4byte	0
 847 0014 00000000 		.4byte	0
 848              		.section	.debug_line,"",%progbits
 849              	.Ldebug_line0:
 850 0000 BC000000 		.section	.debug_str,"MS",%progbits,1
 850      0200B600 
 850      00000201 
 850      FB0E0D00 
 850      01010101 
 851              	.LASF5:
ARM GAS  C:\Users\CNous\AppData\Local\Temp\cc8jOocE.s 			page 16


 852 0000 6C6F6E67 		.ascii	"long long int\000"
 852      206C6F6E 
 852      6720696E 
 852      7400
 853              	.LASF3:
 854 000e 73686F72 		.ascii	"short unsigned int\000"
 854      7420756E 
 854      7369676E 
 854      65642069 
 854      6E7400
 855              	.LASF4:
 856 0021 756E7369 		.ascii	"unsigned int\000"
 856      676E6564 
 856      20696E74 
 856      00
 857              	.LASF17:
 858 002e 4D494449 		.ascii	"MIDINOTES_FREQ_LUT\000"
 858      4E4F5445 
 858      535F4652 
 858      45515F4C 
 858      555400
 859              	.LASF26:
 860 0041 474E5520 		.ascii	"GNU C 4.7.3 20121207 (release) [ARM/embedded-4_7-br"
 860      4320342E 
 860      372E3320 
 860      32303132 
 860      31323037 
 861 0074 616E6368 		.ascii	"anch revision 194305]\000"
 861      20726576 
 861      6973696F 
 861      6E203139 
 861      34333035 
 862              	.LASF9:
 863 008a 6C6F6E67 		.ascii	"long unsigned int\000"
 863      20756E73 
 863      69676E65 
 863      6420696E 
 863      7400
 864              	.LASF28:
 865 009c 433A5C78 		.ascii	"C:\\xav_dev\\eclipse\\ambiantiseur-make\000"
 865      61765F64 
 865      65765C65 
 865      636C6970 
 865      73655C61 
 866              	.LASF6:
 867 00c1 6C6F6E67 		.ascii	"long long unsigned int\000"
 867      206C6F6E 
 867      6720756E 
 867      7369676E 
 867      65642069 
 868              	.LASF1:
 869 00d8 756E7369 		.ascii	"unsigned char\000"
 869      676E6564 
 869      20636861 
 869      7200
 870              	.LASF27:
 871 00e6 7372632F 		.ascii	"src/pitchTables.c\000"
ARM GAS  C:\Users\CNous\AppData\Local\Temp\cc8jOocE.s 			page 17


 871      70697463 
 871      68546162 
 871      6C65732E 
 871      6300
 872              	.LASF10:
 873 00f8 63686172 		.ascii	"char\000"
 873      00
 874              	.LASF21:
 875 00fd 7363616C 		.ascii	"scale4\000"
 875      653400
 876              	.LASF7:
 877 0104 6C6F6E67 		.ascii	"long int\000"
 877      20696E74 
 877      00
 878              	.LASF20:
 879 010d 7363616C 		.ascii	"scale3\000"
 879      653300
 880              	.LASF11:
 881 0114 646F7562 		.ascii	"double\000"
 881      6C6500
 882              	.LASF22:
 883 011b 7363616C 		.ascii	"scale5\000"
 883      653500
 884              	.LASF18:
 885 0122 7363616C 		.ascii	"scale1\000"
 885      653100
 886              	.LASF19:
 887 0129 7363616C 		.ascii	"scale2\000"
 887      653200
 888              	.LASF16:
 889 0130 49544D5F 		.ascii	"ITM_RxBuffer\000"
 889      52784275 
 889      66666572 
 889      00
 890              	.LASF0:
 891 013d 7369676E 		.ascii	"signed char\000"
 891      65642063 
 891      68617200 
 892              	.LASF13:
 893 0149 6C6F6E67 		.ascii	"long double\000"
 893      20646F75 
 893      626C6500 
 894              	.LASF23:
 895 0155 7363616C 		.ascii	"scale6\000"
 895      653600
 896              	.LASF24:
 897 015c 7363616C 		.ascii	"scale7\000"
 897      653700
 898              	.LASF25:
 899 0163 7363616C 		.ascii	"scale8\000"
 899      653800
 900              	.LASF14:
 901 016a 75696E74 		.ascii	"uint16_t\000"
 901      31365F74 
 901      00
 902              	.LASF12:
 903 0173 666C6F61 		.ascii	"float\000"
ARM GAS  C:\Users\CNous\AppData\Local\Temp\cc8jOocE.s 			page 18


 903      7400
 904              	.LASF2:
 905 0179 73686F72 		.ascii	"short int\000"
 905      7420696E 
 905      7400
 906              	.LASF15:
 907 0183 696E7433 		.ascii	"int32_t\000"
 907      325F7400 
 908              	.LASF8:
 909 018b 73697A65 		.ascii	"sizetype\000"
 909      74797065 
 909      00
 910              		.ident	"GCC: (GNU Tools for ARM Embedded Processors) 4.7.3 20121207 (release) [ARM/embedded-4_7-br
ARM GAS  C:\Users\CNous\AppData\Local\Temp\cc8jOocE.s 			page 19


DEFINED SYMBOLS
                            *ABS*:00000000 pitchTables.c
C:\Users\CNous\AppData\Local\Temp\cc8jOocE.s:461    .rodata.scale8:00000000 scale8
C:\Users\CNous\AppData\Local\Temp\cc8jOocE.s:445    .rodata.scale7:00000000 scale7
C:\Users\CNous\AppData\Local\Temp\cc8jOocE.s:398    .rodata.scale6:00000000 scale6
C:\Users\CNous\AppData\Local\Temp\cc8jOocE.s:351    .rodata.scale5:00000000 scale5
C:\Users\CNous\AppData\Local\Temp\cc8jOocE.s:334    .rodata.scale4:00000000 scale4
C:\Users\CNous\AppData\Local\Temp\cc8jOocE.s:311    .rodata.scale3:00000000 scale3
C:\Users\CNous\AppData\Local\Temp\cc8jOocE.s:259    .rodata.scale2:00000000 scale2
C:\Users\CNous\AppData\Local\Temp\cc8jOocE.s:215    .rodata.scale1:00000000 scale1
C:\Users\CNous\AppData\Local\Temp\cc8jOocE.s:82     .rodata.MIDINOTES_FREQ_LUT:00000000 MIDINOTES_FREQ_LUT
C:\Users\CNous\AppData\Local\Temp\cc8jOocE.s:79     .rodata.MIDINOTES_FREQ_LUT:00000000 $d
C:\Users\CNous\AppData\Local\Temp\cc8jOocE.s:212    .rodata.scale1:00000000 $d
C:\Users\CNous\AppData\Local\Temp\cc8jOocE.s:256    .rodata.scale2:00000000 $d
C:\Users\CNous\AppData\Local\Temp\cc8jOocE.s:308    .rodata.scale3:00000000 $d
C:\Users\CNous\AppData\Local\Temp\cc8jOocE.s:331    .rodata.scale4:00000000 $d
C:\Users\CNous\AppData\Local\Temp\cc8jOocE.s:348    .rodata.scale5:00000000 $d
C:\Users\CNous\AppData\Local\Temp\cc8jOocE.s:395    .rodata.scale6:00000000 $d
C:\Users\CNous\AppData\Local\Temp\cc8jOocE.s:442    .rodata.scale7:00000000 $d
C:\Users\CNous\AppData\Local\Temp\cc8jOocE.s:458    .rodata.scale8:00000000 $d

NO UNDEFINED SYMBOLS
